{"meta": {"format": 3, "version": "7.13.0", "timestamp": "2026-01-04T16:24:43.407135", "branch_coverage": false, "show_contexts": false}, "files": {"src/resume_customizer/__init__.py": {"executed_lines": [1, 8, 9, 10], "summary": {"covered_lines": 3, "num_statements": 3, "percent_covered": 100.0, "percent_covered_display": "100.00", "missing_lines": 0, "excluded_lines": 0, "percent_statements_covered": 100.0, "percent_statements_covered_display": "100.00"}, "missing_lines": [], "excluded_lines": [], "functions": {"": {"executed_lines": [1, 8, 9, 10], "summary": {"covered_lines": 3, "num_statements": 3, "percent_covered": 100.0, "percent_covered_display": "100.00", "missing_lines": 0, "excluded_lines": 0, "percent_statements_covered": 100.0, "percent_statements_covered_display": "100.00"}, "missing_lines": [], "excluded_lines": []}}, "classes": {"": {"executed_lines": [1, 8, 9, 10], "summary": {"covered_lines": 3, "num_statements": 3, "percent_covered": 100.0, "percent_covered_display": "100.00", "missing_lines": 0, "excluded_lines": 0, "percent_statements_covered": 100.0, "percent_statements_covered_display": "100.00"}, "missing_lines": [], "excluded_lines": []}}}, "src/resume_customizer/config.py": {"executed_lines": [1, 8, 9, 10, 12, 15, 16, 17, 20, 21, 22, 25, 26, 27, 30, 31, 32, 35, 36, 37, 40, 41, 43, 45, 52, 53, 54, 55, 58, 72, 75, 78, 79, 80, 83, 84, 85, 90, 91, 94, 116, 120, 123, 134, 135, 136], "summary": {"covered_lines": 44, "num_statements": 48, "percent_covered": 91.66666666666667, "percent_covered_display": "91.67", "missing_lines": 4, "excluded_lines": 0, "percent_statements_covered": 91.66666666666667, "percent_statements_covered_display": "91.67"}, "missing_lines": [46, 73, 86, 87], "excluded_lines": [], "functions": {"Config.__post_init__": {"executed_lines": [45, 52, 53, 54, 55], "summary": {"covered_lines": 5, "num_statements": 6, "percent_covered": 83.33333333333333, "percent_covered_display": "83.33", "missing_lines": 1, "excluded_lines": 0, "percent_statements_covered": 83.33333333333333, "percent_statements_covered_display": "83.33"}, "missing_lines": [46], "excluded_lines": []}, "load_config": {"executed_lines": [72, 75, 78, 83, 90, 94, 116], "summary": {"covered_lines": 7, "num_statements": 8, "percent_covered": 87.5, "percent_covered_display": "87.50", "missing_lines": 1, "excluded_lines": 0, "percent_statements_covered": 87.5, "percent_statements_covered_display": "87.50"}, "missing_lines": [73], "excluded_lines": []}, "load_config.get_bool": {"executed_lines": [79, 80], "summary": {"covered_lines": 2, "num_statements": 2, "percent_covered": 100.0, "percent_covered_display": "100.00", "missing_lines": 0, "excluded_lines": 0, "percent_statements_covered": 100.0, "percent_statements_covered_display": "100.00"}, "missing_lines": [], "excluded_lines": []}, "load_config.get_int": {"executed_lines": [84, 85], "summary": {"covered_lines": 2, "num_statements": 4, "percent_covered": 50.0, "percent_covered_display": "50.00", "missing_lines": 2, "excluded_lines": 0, "percent_statements_covered": 50.0, "percent_statements_covered_display": "50.00"}, "missing_lines": [86, 87], "excluded_lines": []}, "load_config.get_path": {"executed_lines": [91], "summary": {"covered_lines": 1, "num_statements": 1, "percent_covered": 100.0, "percent_covered_display": "100.00", "missing_lines": 0, "excluded_lines": 0, "percent_statements_covered": 100.0, "percent_statements_covered_display": "100.00"}, "missing_lines": [], "excluded_lines": []}, "get_config": {"executed_lines": [134, 135, 136], "summary": {"covered_lines": 3, "num_statements": 3, "percent_covered": 100.0, "percent_covered_display": "100.00", "missing_lines": 0, "excluded_lines": 0, "percent_statements_covered": 100.0, "percent_statements_covered_display": "100.00"}, "missing_lines": [], "excluded_lines": []}, "": {"executed_lines": [1, 8, 9, 10, 12, 15, 16, 17, 20, 21, 22, 25, 26, 27, 30, 31, 32, 35, 36, 37, 40, 41, 43, 58, 120, 123], "summary": {"covered_lines": 24, "num_statements": 24, "percent_covered": 100.0, "percent_covered_display": "100.00", "missing_lines": 0, "excluded_lines": 0, "percent_statements_covered": 100.0, "percent_statements_covered_display": "100.00"}, "missing_lines": [], "excluded_lines": []}}, "classes": {"Config": {"executed_lines": [45, 52, 53, 54, 55], "summary": {"covered_lines": 5, "num_statements": 6, "percent_covered": 83.33333333333333, "percent_covered_display": "83.33", "missing_lines": 1, "excluded_lines": 0, "percent_statements_covered": 83.33333333333333, "percent_statements_covered_display": "83.33"}, "missing_lines": [46], "excluded_lines": []}, "": {"executed_lines": [1, 8, 9, 10, 12, 15, 16, 17, 20, 21, 22, 25, 26, 27, 30, 31, 32, 35, 36, 37, 40, 41, 43, 58, 72, 75, 78, 79, 80, 83, 84, 85, 90, 91, 94, 116, 120, 123, 134, 135, 136], "summary": {"covered_lines": 39, "num_statements": 42, "percent_covered": 92.85714285714286, "percent_covered_display": "92.86", "missing_lines": 3, "excluded_lines": 0, "percent_statements_covered": 92.85714285714286, "percent_statements_covered_display": "92.86"}, "missing_lines": [73, 86, 87], "excluded_lines": []}}}, "src/resume_customizer/core/__init__.py": {"executed_lines": [0], "summary": {"covered_lines": 0, "num_statements": 0, "percent_covered": 100.0, "percent_covered_display": "100.00", "missing_lines": 0, "excluded_lines": 0, "percent_statements_covered": 100.0, "percent_statements_covered_display": "100.00"}, "missing_lines": [], "excluded_lines": [], "functions": {"": {"executed_lines": [], "summary": {"covered_lines": 0, "num_statements": 0, "percent_covered": 100.0, "percent_covered_display": "100.00", "missing_lines": 0, "excluded_lines": 0, "percent_statements_covered": 100.0, "percent_statements_covered_display": "100.00"}, "missing_lines": [], "excluded_lines": []}}, "classes": {"": {"executed_lines": [], "summary": {"covered_lines": 0, "num_statements": 0, "percent_covered": 100.0, "percent_covered_display": "100.00", "missing_lines": 0, "excluded_lines": 0, "percent_statements_covered": 100.0, "percent_statements_covered_display": "100.00"}, "missing_lines": [], "excluded_lines": []}}}, "src/resume_customizer/core/ai_service.py": {"executed_lines": [1, 8, 9, 10, 11, 12, 13, 14, 16, 17, 19, 21, 24, 27, 28, 29, 31, 37, 39, 43, 44, 45, 46, 49, 50, 52, 55, 56, 58, 77, 78, 79, 83, 84, 85, 90, 97, 99, 101, 135, 136, 137, 138, 139, 140, 143, 146, 147, 148, 149, 155, 164, 167, 168, 170, 173, 175, 176, 177, 178, 179, 182, 184, 186, 187, 188, 189, 190, 193, 197, 198, 199, 201, 209, 210, 211, 213, 229, 230, 232, 242, 244, 245, 247, 248, 249, 252, 253, 255, 256, 257, 258, 260, 262, 263, 264, 265, 267, 275, 277, 279, 280, 281, 283, 288, 295, 296, 297, 298, 299, 303, 304, 306, 313, 314, 315, 316, 317, 319, 320, 322, 323, 324, 335, 336, 338, 378, 379, 404, 408, 418, 420, 426, 428, 429, 431, 432, 433, 435, 436, 437, 439, 454, 457, 458, 460, 461, 463, 464, 467, 474, 475, 476, 479, 480, 481, 484, 485, 486, 487, 488, 490, 492, 495, 496, 497, 499, 501, 514, 515, 517, 519, 520, 521, 522, 526, 528, 531, 532, 554, 555, 559, 562, 563, 564, 565, 568, 569, 579, 580, 584, 585, 586, 590, 591, 592, 599, 605, 613, 614, 615, 617, 666, 667, 668, 673, 682, 708, 709, 710, 712, 723, 724, 734, 737, 738, 741, 742, 743, 745, 747, 749, 750, 751, 753, 768, 769, 770, 772, 773, 775, 776, 779, 786, 787, 788, 791, 792, 795, 796, 797, 798, 800, 802, 816, 819, 821, 822, 825, 826, 827, 828, 830, 832, 894, 895, 896, 901, 902, 903, 904, 907, 916, 940, 943, 944, 945, 947, 948, 950, 951, 952, 955, 956, 957, 958, 959, 960, 961, 962, 965, 966, 968, 972, 974, 975, 985, 988, 991, 992, 996, 1001, 1003, 1004, 1005, 1007, 1022, 1023, 1024, 1026, 1027, 1029, 1030, 1033, 1034, 1035, 1036, 1039, 1040, 1043, 1045, 1047, 1051, 1054, 1065, 1066, 1067], "summary": {"covered_lines": 314, "num_statements": 339, "percent_covered": 92.62536873156343, "percent_covered_display": "92.63", "missing_lines": 25, "excluded_lines": 0, "percent_statements_covered": 92.62536873156343, "percent_statements_covered_display": "92.63"}, "missing_lines": [32, 33, 34, 195, 203, 204, 205, 206, 285, 286, 300, 301, 326, 327, 329, 330, 331, 332, 333, 581, 587, 594, 595, 596, 597], "excluded_lines": [], "functions": {"_get_config_value": {"executed_lines": [39], "summary": {"covered_lines": 1, "num_statements": 1, "percent_covered": 100.0, "percent_covered_display": "100.00", "missing_lines": 0, "excluded_lines": 0, "percent_statements_covered": 100.0, "percent_statements_covered_display": "100.00"}, "missing_lines": [], "excluded_lines": []}, "AIService.__init__": {"executed_lines": [77, 78, 79, 83, 84, 85, 90, 97, 99], "summary": {"covered_lines": 9, "num_statements": 9, "percent_covered": 100.0, "percent_covered_display": "100.00", "missing_lines": 0, "excluded_lines": 0, "percent_statements_covered": 100.0, "percent_statements_covered_display": "100.00"}, "missing_lines": [], "excluded_lines": []}, "AIService.call_claude": {"executed_lines": [135, 136, 137, 138, 139, 140, 143, 146, 147, 148, 149, 155, 164, 167, 168, 170, 173, 175, 176, 177, 178, 179, 182, 184, 186, 187, 188, 189, 190, 193, 197, 198, 199, 201, 209, 210, 211], "summary": {"covered_lines": 37, "num_statements": 42, "percent_covered": 88.0952380952381, "percent_covered_display": "88.10", "missing_lines": 5, "excluded_lines": 0, "percent_statements_covered": 88.0952380952381, "percent_statements_covered_display": "88.10"}, "missing_lines": [195, 203, 204, 205, 206], "excluded_lines": []}, "AIService._generate_cache_key": {"executed_lines": [229, 230], "summary": {"covered_lines": 2, "num_statements": 2, "percent_covered": 100.0, "percent_covered_display": "100.00", "missing_lines": 0, "excluded_lines": 0, "percent_statements_covered": 100.0, "percent_statements_covered_display": "100.00"}, "missing_lines": [], "excluded_lines": []}, "AIService._get_cached_response": {"executed_lines": [242, 244, 245, 247, 248, 249, 252, 253, 255, 256, 257, 258, 260, 262, 263, 264, 265], "summary": {"covered_lines": 17, "num_statements": 17, "percent_covered": 100.0, "percent_covered_display": "100.00", "missing_lines": 0, "excluded_lines": 0, "percent_statements_covered": 100.0, "percent_statements_covered_display": "100.00"}, "missing_lines": [], "excluded_lines": []}, "AIService._cache_response": {"executed_lines": [275, 277, 279, 280, 281, 283], "summary": {"covered_lines": 6, "num_statements": 8, "percent_covered": 75.0, "percent_covered_display": "75.00", "missing_lines": 2, "excluded_lines": 0, "percent_statements_covered": 75.0, "percent_statements_covered_display": "75.00"}, "missing_lines": [285, 286], "excluded_lines": []}, "AIService.clear_cache": {"executed_lines": [295, 296, 297, 298, 299, 303, 304], "summary": {"covered_lines": 7, "num_statements": 9, "percent_covered": 77.77777777777777, "percent_covered_display": "77.78", "missing_lines": 2, "excluded_lines": 0, "percent_statements_covered": 77.77777777777777, "percent_statements_covered_display": "77.78"}, "missing_lines": [300, 301], "excluded_lines": []}, "AIService.clear_expired_cache": {"executed_lines": [313, 314, 315, 316, 317, 319, 320, 322, 323, 324, 335, 336], "summary": {"covered_lines": 12, "num_statements": 19, "percent_covered": 63.1578947368421, "percent_covered_display": "63.16", "missing_lines": 7, "excluded_lines": 0, "percent_statements_covered": 63.1578947368421, "percent_statements_covered_display": "63.16"}, "missing_lines": [326, 327, 329, 330, 331, 332, 333], "excluded_lines": []}, "AIService.extract_keywords": {"executed_lines": [378, 379, 404, 408, 418, 420, 426, 428, 429, 431, 432, 433, 435, 436, 437], "summary": {"covered_lines": 15, "num_statements": 15, "percent_covered": 100.0, "percent_covered_display": "100.00", "missing_lines": 0, "excluded_lines": 0, "percent_statements_covered": 100.0, "percent_statements_covered_display": "100.00"}, "missing_lines": [], "excluded_lines": []}, "AIService._parse_keyword_response": {"executed_lines": [454, 457, 458, 460, 461, 463, 464, 467, 474, 475, 476, 479, 480, 481, 484, 485, 486, 487, 488, 490, 492, 495, 496, 497, 499], "summary": {"covered_lines": 25, "num_statements": 25, "percent_covered": 100.0, "percent_covered_display": "100.00", "missing_lines": 0, "excluded_lines": 0, "percent_statements_covered": 100.0, "percent_statements_covered_display": "100.00"}, "missing_lines": [], "excluded_lines": []}, "AIService._extract_keywords_spacy": {"executed_lines": [514, 515, 517, 519, 520, 521, 522, 526, 528, 531, 532, 554, 555, 559, 562, 563, 564, 565, 568, 569, 579, 580, 584, 585, 586, 590, 591, 592, 599, 605, 613, 614, 615], "summary": {"covered_lines": 33, "num_statements": 39, "percent_covered": 84.61538461538461, "percent_covered_display": "84.62", "missing_lines": 6, "excluded_lines": 0, "percent_statements_covered": 84.61538461538461, "percent_statements_covered_display": "84.62"}, "missing_lines": [581, 587, 594, 595, 596, 597], "excluded_lines": []}, "AIService.rephrase_achievement": {"executed_lines": [666, 667, 668, 673, 682, 708, 709, 710, 712, 723, 724, 734, 737, 738, 741, 742, 743, 745, 747, 749, 750, 751], "summary": {"covered_lines": 22, "num_statements": 22, "percent_covered": 100.0, "percent_covered_display": "100.00", "missing_lines": 0, "excluded_lines": 0, "percent_statements_covered": 100.0, "percent_statements_covered_display": "100.00"}, "missing_lines": [], "excluded_lines": []}, "AIService._parse_rephrase_response": {"executed_lines": [768, 769, 770, 772, 773, 775, 776, 779, 786, 787, 788, 791, 792, 795, 796, 797, 798, 800], "summary": {"covered_lines": 18, "num_statements": 18, "percent_covered": 100.0, "percent_covered_display": "100.00", "missing_lines": 0, "excluded_lines": 0, "percent_statements_covered": 100.0, "percent_statements_covered_display": "100.00"}, "missing_lines": [], "excluded_lines": []}, "AIService._validate_metrics_preserved": {"executed_lines": [816, 819, 821, 822, 825, 826, 827, 828, 830], "summary": {"covered_lines": 9, "num_statements": 9, "percent_covered": 100.0, "percent_covered_display": "100.00", "missing_lines": 0, "excluded_lines": 0, "percent_statements_covered": 100.0, "percent_statements_covered_display": "100.00"}, "missing_lines": [], "excluded_lines": []}, "AIService.generate_custom_summary": {"executed_lines": [894, 895, 896, 901, 902, 903, 904, 907, 916, 940, 943, 944, 945, 947, 948, 950, 951, 952, 955, 956, 957, 958, 959, 960, 961, 962, 965, 966, 968, 972, 974, 975, 985, 988, 991, 992, 996, 1001, 1003, 1004, 1005], "summary": {"covered_lines": 41, "num_statements": 41, "percent_covered": 100.0, "percent_covered_display": "100.00", "missing_lines": 0, "excluded_lines": 0, "percent_statements_covered": 100.0, "percent_statements_covered_display": "100.00"}, "missing_lines": [], "excluded_lines": []}, "AIService._parse_summary_response": {"executed_lines": [1022, 1023, 1024, 1026, 1027, 1029, 1030, 1033, 1034, 1035, 1036, 1039, 1040, 1043, 1045, 1047], "summary": {"covered_lines": 16, "num_statements": 16, "percent_covered": 100.0, "percent_covered_display": "100.00", "missing_lines": 0, "excluded_lines": 0, "percent_statements_covered": 100.0, "percent_statements_covered_display": "100.00"}, "missing_lines": [], "excluded_lines": []}, "get_ai_service": {"executed_lines": [1065, 1066, 1067], "summary": {"covered_lines": 3, "num_statements": 3, "percent_covered": 100.0, "percent_covered_display": "100.00", "missing_lines": 0, "excluded_lines": 0, "percent_statements_covered": 100.0, "percent_statements_covered_display": "100.00"}, "missing_lines": [], "excluded_lines": []}, "": {"executed_lines": [1, 8, 9, 10, 11, 12, 13, 14, 16, 17, 19, 21, 24, 27, 28, 29, 31, 37, 43, 44, 45, 46, 49, 50, 52, 55, 56, 58, 101, 213, 232, 267, 288, 306, 338, 439, 501, 617, 753, 802, 832, 1007, 1051, 1054], "summary": {"covered_lines": 41, "num_statements": 44, "percent_covered": 93.18181818181819, "percent_covered_display": "93.18", "missing_lines": 3, "excluded_lines": 0, "percent_statements_covered": 93.18181818181819, "percent_statements_covered_display": "93.18"}, "missing_lines": [32, 33, 34], "excluded_lines": []}}, "classes": {"AIServiceError": {"executed_lines": [], "summary": {"covered_lines": 0, "num_statements": 0, "percent_covered": 100.0, "percent_covered_display": "100.00", "missing_lines": 0, "excluded_lines": 0, "percent_statements_covered": 100.0, "percent_statements_covered_display": "100.00"}, "missing_lines": [], "excluded_lines": []}, "AIService": {"executed_lines": [77, 78, 79, 83, 84, 85, 90, 97, 99, 135, 136, 137, 138, 139, 140, 143, 146, 147, 148, 149, 155, 164, 167, 168, 170, 173, 175, 176, 177, 178, 179, 182, 184, 186, 187, 188, 189, 190, 193, 197, 198, 199, 201, 209, 210, 211, 229, 230, 242, 244, 245, 247, 248, 249, 252, 253, 255, 256, 257, 258, 260, 262, 263, 264, 265, 275, 277, 279, 280, 281, 283, 295, 296, 297, 298, 299, 303, 304, 313, 314, 315, 316, 317, 319, 320, 322, 323, 324, 335, 336, 378, 379, 404, 408, 418, 420, 426, 428, 429, 431, 432, 433, 435, 436, 437, 454, 457, 458, 460, 461, 463, 464, 467, 474, 475, 476, 479, 480, 481, 484, 485, 486, 487, 488, 490, 492, 495, 496, 497, 499, 514, 515, 517, 519, 520, 521, 522, 526, 528, 531, 532, 554, 555, 559, 562, 563, 564, 565, 568, 569, 579, 580, 584, 585, 586, 590, 591, 592, 599, 605, 613, 614, 615, 666, 667, 668, 673, 682, 708, 709, 710, 712, 723, 724, 734, 737, 738, 741, 742, 743, 745, 747, 749, 750, 751, 768, 769, 770, 772, 773, 775, 776, 779, 786, 787, 788, 791, 792, 795, 796, 797, 798, 800, 816, 819, 821, 822, 825, 826, 827, 828, 830, 894, 895, 896, 901, 902, 903, 904, 907, 916, 940, 943, 944, 945, 947, 948, 950, 951, 952, 955, 956, 957, 958, 959, 960, 961, 962, 965, 966, 968, 972, 974, 975, 985, 988, 991, 992, 996, 1001, 1003, 1004, 1005, 1022, 1023, 1024, 1026, 1027, 1029, 1030, 1033, 1034, 1035, 1036, 1039, 1040, 1043, 1045, 1047], "summary": {"covered_lines": 269, "num_statements": 291, "percent_covered": 92.43986254295532, "percent_covered_display": "92.44", "missing_lines": 22, "excluded_lines": 0, "percent_statements_covered": 92.43986254295532, "percent_statements_covered_display": "92.44"}, "missing_lines": [195, 203, 204, 205, 206, 285, 286, 300, 301, 326, 327, 329, 330, 331, 332, 333, 581, 587, 594, 595, 596, 597], "excluded_lines": []}, "": {"executed_lines": [1, 8, 9, 10, 11, 12, 13, 14, 16, 17, 19, 21, 24, 27, 28, 29, 31, 37, 39, 43, 44, 45, 46, 49, 50, 52, 55, 56, 58, 101, 213, 232, 267, 288, 306, 338, 439, 501, 617, 753, 802, 832, 1007, 1051, 1054, 1065, 1066, 1067], "summary": {"covered_lines": 45, "num_statements": 48, "percent_covered": 93.75, "percent_covered_display": "93.75", "missing_lines": 3, "excluded_lines": 0, "percent_statements_covered": 93.75, "percent_statements_covered_display": "93.75"}, "missing_lines": [32, 33, 34], "excluded_lines": []}}}, "src/resume_customizer/core/customizer.py": {"executed_lines": [1, 13, 14, 15, 17, 27, 35, 36, 37, 39, 40, 41, 42, 43, 46, 61, 69, 70, 73, 98, 101, 102, 105, 106, 108, 111, 147, 148, 150, 156, 157, 158, 161, 162, 164, 170, 173, 174, 177, 179, 180, 186, 188, 189, 194, 195, 198, 201, 202, 203, 206, 207, 208, 211, 212, 215, 217, 220, 223, 228, 229, 230, 233, 245, 247, 253, 255, 256, 259, 281, 282, 283, 284, 287, 288, 289, 290, 295, 303, 326, 327, 329, 330, 334, 353, 354, 355, 357, 358, 359, 360, 361, 364, 387, 390, 391, 392, 395, 396, 397, 400, 401, 402, 405, 408, 444, 445, 447, 453, 455, 456, 464, 465, 467, 470, 471, 474, 475, 478, 479, 481, 484, 486, 489, 492, 510, 511, 512, 513, 514, 515, 518, 519, 520, 523, 526, 531, 532, 534, 535, 537, 540, 562, 563, 564, 565, 568, 569, 571, 573, 578, 579, 584, 589, 592, 617, 618, 621, 626, 631, 640, 650, 652, 670, 671, 672, 674, 675, 676, 677, 678, 679, 682, 722, 723, 725, 726, 728, 735, 742, 747, 755, 758, 759, 762, 767, 786, 800, 802, 807, 810, 833, 836, 841, 842, 845, 846, 858, 859, 861, 864, 865, 866, 868, 870, 882, 902, 907, 910, 911, 913, 914, 917, 920, 925, 928, 945, 946, 948], "summary": {"covered_lines": 215, "num_statements": 217, "percent_covered": 99.07834101382488, "percent_covered_display": "99.08", "missing_lines": 2, "excluded_lines": 0, "percent_statements_covered": 99.07834101382488, "percent_statements_covered_display": "99.08"}, "missing_lines": [182, 183], "excluded_lines": [], "functions": {"_has_leadership_indicators": {"executed_lines": [61, 69, 70], "summary": {"covered_lines": 3, "num_statements": 3, "percent_covered": 100.0, "percent_covered_display": "100.00", "missing_lines": 0, "excluded_lines": 0, "percent_statements_covered": 100.0, "percent_statements_covered_display": "100.00"}, "missing_lines": [], "excluded_lines": []}, "_calculate_diversity_score": {"executed_lines": [98, 101, 102, 105, 106, 108], "summary": {"covered_lines": 6, "num_statements": 6, "percent_covered": 100.0, "percent_covered_display": "100.00", "missing_lines": 0, "excluded_lines": 0, "percent_statements_covered": 100.0, "percent_statements_covered_display": "100.00"}, "missing_lines": [], "excluded_lines": []}, "reorder_achievements": {"executed_lines": [147, 148, 150, 156, 157, 158, 161, 162, 164, 170, 173, 174, 177, 179, 180, 186, 188, 189, 194, 195, 198, 201, 202, 203, 206, 207, 208, 211, 212, 215, 217, 220, 223, 228, 229, 230, 233, 245, 247, 253, 255, 256], "summary": {"covered_lines": 42, "num_statements": 44, "percent_covered": 95.45454545454545, "percent_covered_display": "95.45", "missing_lines": 2, "excluded_lines": 0, "percent_statements_covered": 95.45454545454545, "percent_statements_covered_display": "95.45"}, "missing_lines": [182, 183], "excluded_lines": []}, "_validate_achievement_truthfulness": {"executed_lines": [281, 282, 283, 284, 287, 288, 289, 290, 295], "summary": {"covered_lines": 9, "num_statements": 9, "percent_covered": 100.0, "percent_covered_display": "100.00", "missing_lines": 0, "excluded_lines": 0, "percent_statements_covered": 100.0, "percent_statements_covered_display": "100.00"}, "missing_lines": [], "excluded_lines": []}, "get_achievement_statistics": {"executed_lines": [326, 327, 329, 330, 334], "summary": {"covered_lines": 5, "num_statements": 5, "percent_covered": 100.0, "percent_covered_display": "100.00", "missing_lines": 0, "excluded_lines": 0, "percent_statements_covered": 100.0, "percent_statements_covered_display": "100.00"}, "missing_lines": [], "excluded_lines": []}, "_calculate_skill_relevance_score": {"executed_lines": [387, 390, 391, 392, 395, 396, 397, 400, 401, 402, 405], "summary": {"covered_lines": 11, "num_statements": 11, "percent_covered": 100.0, "percent_covered_display": "100.00", "missing_lines": 0, "excluded_lines": 0, "percent_statements_covered": 100.0, "percent_statements_covered_display": "100.00"}, "missing_lines": [], "excluded_lines": []}, "optimize_skills": {"executed_lines": [444, 445, 447, 453, 455, 456, 464, 465, 467, 470, 471, 474, 475, 478, 479, 481, 484, 486, 489], "summary": {"covered_lines": 19, "num_statements": 19, "percent_covered": 100.0, "percent_covered_display": "100.00", "missing_lines": 0, "excluded_lines": 0, "percent_statements_covered": 100.0, "percent_statements_covered_display": "100.00"}, "missing_lines": [], "excluded_lines": []}, "_group_skills_by_category": {"executed_lines": [510, 511, 512, 513, 514, 515, 518, 519, 520, 523, 526, 531, 532, 534, 535, 537], "summary": {"covered_lines": 16, "num_statements": 16, "percent_covered": 100.0, "percent_covered_display": "100.00", "missing_lines": 0, "excluded_lines": 0, "percent_statements_covered": 100.0, "percent_statements_covered_display": "100.00"}, "missing_lines": [], "excluded_lines": []}, "_validate_skill_truthfulness": {"executed_lines": [562, 563, 564, 565, 568, 569, 571, 573, 578, 579, 584, 589], "summary": {"covered_lines": 12, "num_statements": 12, "percent_covered": 100.0, "percent_covered_display": "100.00", "missing_lines": 0, "excluded_lines": 0, "percent_statements_covered": 100.0, "percent_statements_covered_display": "100.00"}, "missing_lines": [], "excluded_lines": []}, "get_skill_statistics": {"executed_lines": [617, 618, 621, 626, 631, 640, 650, 652], "summary": {"covered_lines": 8, "num_statements": 8, "percent_covered": 100.0, "percent_covered_display": "100.00", "missing_lines": 0, "excluded_lines": 0, "percent_statements_covered": 100.0, "percent_statements_covered_display": "100.00"}, "missing_lines": [], "excluded_lines": []}, "customize_resume": {"executed_lines": [722, 723, 725, 726, 728, 735, 742, 747, 755, 758, 759, 762, 767, 786, 800, 802, 807], "summary": {"covered_lines": 17, "num_statements": 17, "percent_covered": 100.0, "percent_covered_display": "100.00", "missing_lines": 0, "excluded_lines": 0, "percent_statements_covered": 100.0, "percent_statements_covered_display": "100.00"}, "missing_lines": [], "excluded_lines": []}, "_generate_changes_log": {"executed_lines": [833, 836, 841, 842, 845, 846, 858, 859, 861, 864, 865, 866, 868, 870], "summary": {"covered_lines": 14, "num_statements": 14, "percent_covered": 100.0, "percent_covered_display": "100.00", "missing_lines": 0, "excluded_lines": 0, "percent_statements_covered": 100.0, "percent_statements_covered_display": "100.00"}, "missing_lines": [], "excluded_lines": []}, "_validate_no_data_loss": {"executed_lines": [902, 907, 910, 911, 913, 914, 917, 920, 925], "summary": {"covered_lines": 9, "num_statements": 9, "percent_covered": 100.0, "percent_covered_display": "100.00", "missing_lines": 0, "excluded_lines": 0, "percent_statements_covered": 100.0, "percent_statements_covered_display": "100.00"}, "missing_lines": [], "excluded_lines": []}, "get_customization_summary": {"executed_lines": [945, 946, 948], "summary": {"covered_lines": 3, "num_statements": 3, "percent_covered": 100.0, "percent_covered_display": "100.00", "missing_lines": 0, "excluded_lines": 0, "percent_statements_covered": 100.0, "percent_statements_covered_display": "100.00"}, "missing_lines": [], "excluded_lines": []}, "": {"executed_lines": [1, 13, 14, 15, 17, 27, 35, 36, 37, 39, 40, 41, 42, 43, 46, 73, 111, 259, 303, 353, 354, 355, 357, 358, 359, 360, 361, 364, 408, 492, 540, 592, 670, 671, 672, 674, 675, 676, 677, 678, 679, 682, 810, 882, 928], "summary": {"covered_lines": 41, "num_statements": 41, "percent_covered": 100.0, "percent_covered_display": "100.00", "missing_lines": 0, "excluded_lines": 0, "percent_statements_covered": 100.0, "percent_statements_covered_display": "100.00"}, "missing_lines": [], "excluded_lines": []}}, "classes": {"AchievementSelection": {"executed_lines": [], "summary": {"covered_lines": 0, "num_statements": 0, "percent_covered": 100.0, "percent_covered_display": "100.00", "missing_lines": 0, "excluded_lines": 0, "percent_statements_covered": 100.0, "percent_statements_covered_display": "100.00"}, "missing_lines": [], "excluded_lines": []}, "SkillsDisplayStrategy": {"executed_lines": [], "summary": {"covered_lines": 0, "num_statements": 0, "percent_covered": 100.0, "percent_covered_display": "100.00", "missing_lines": 0, "excluded_lines": 0, "percent_statements_covered": 100.0, "percent_statements_covered_display": "100.00"}, "missing_lines": [], "excluded_lines": []}, "CustomizationPreferences": {"executed_lines": [], "summary": {"covered_lines": 0, "num_statements": 0, "percent_covered": 100.0, "percent_covered_display": "100.00", "missing_lines": 0, "excluded_lines": 0, "percent_statements_covered": 100.0, "percent_statements_covered_display": "100.00"}, "missing_lines": [], "excluded_lines": []}, "": {"executed_lines": [1, 13, 14, 15, 17, 27, 35, 36, 37, 39, 40, 41, 42, 43, 46, 61, 69, 70, 73, 98, 101, 102, 105, 106, 108, 111, 147, 148, 150, 156, 157, 158, 161, 162, 164, 170, 173, 174, 177, 179, 180, 186, 188, 189, 194, 195, 198, 201, 202, 203, 206, 207, 208, 211, 212, 215, 217, 220, 223, 228, 229, 230, 233, 245, 247, 253, 255, 256, 259, 281, 282, 283, 284, 287, 288, 289, 290, 295, 303, 326, 327, 329, 330, 334, 353, 354, 355, 357, 358, 359, 360, 361, 364, 387, 390, 391, 392, 395, 396, 397, 400, 401, 402, 405, 408, 444, 445, 447, 453, 455, 456, 464, 465, 467, 470, 471, 474, 475, 478, 479, 481, 484, 486, 489, 492, 510, 511, 512, 513, 514, 515, 518, 519, 520, 523, 526, 531, 532, 534, 535, 537, 540, 562, 563, 564, 565, 568, 569, 571, 573, 578, 579, 584, 589, 592, 617, 618, 621, 626, 631, 640, 650, 652, 670, 671, 672, 674, 675, 676, 677, 678, 679, 682, 722, 723, 725, 726, 728, 735, 742, 747, 755, 758, 759, 762, 767, 786, 800, 802, 807, 810, 833, 836, 841, 842, 845, 846, 858, 859, 861, 864, 865, 866, 868, 870, 882, 902, 907, 910, 911, 913, 914, 917, 920, 925, 928, 945, 946, 948], "summary": {"covered_lines": 215, "num_statements": 217, "percent_covered": 99.07834101382488, "percent_covered_display": "99.08", "missing_lines": 2, "excluded_lines": 0, "percent_statements_covered": 99.07834101382488, "percent_statements_covered_display": "99.08"}, "missing_lines": [182, 183], "excluded_lines": []}}}, "src/resume_customizer/core/exceptions.py": {"executed_lines": [1, 9, 10, 12, 20, 21, 22, 24, 32, 33, 35, 49, 50, 52, 72, 73, 75, 84, 89, 92, 93, 95, 103, 108, 109, 112, 113, 115, 135, 136, 138, 158, 159, 161], "summary": {"covered_lines": 25, "num_statements": 50, "percent_covered": 50.0, "percent_covered_display": "50.00", "missing_lines": 25, "excluded_lines": 0, "percent_statements_covered": 50.0, "percent_statements_covered_display": "50.00"}, "missing_lines": [26, 27, 28, 29, 42, 46, 60, 61, 62, 64, 69, 123, 124, 125, 127, 146, 147, 148, 150, 155, 169, 170, 171, 173, 178], "excluded_lines": [], "functions": {"ResumeCustomizerError.__init__": {"executed_lines": [20, 21, 22], "summary": {"covered_lines": 3, "num_statements": 3, "percent_covered": 100.0, "percent_covered_display": "100.00", "missing_lines": 0, "excluded_lines": 0, "percent_statements_covered": 100.0, "percent_statements_covered_display": "100.00"}, "missing_lines": [], "excluded_lines": []}, "ResumeCustomizerError.to_dict": {"executed_lines": [], "summary": {"covered_lines": 0, "num_statements": 4, "percent_covered": 0.0, "percent_covered_display": "0.00", "missing_lines": 4, "excluded_lines": 0, "percent_statements_covered": 0.0, "percent_statements_covered_display": "0.00"}, "missing_lines": [26, 27, 28, 29], "excluded_lines": []}, "FileNotFoundError.__init__": {"executed_lines": [], "summary": {"covered_lines": 0, "num_statements": 2, "percent_covered": 0.0, "percent_covered_display": "0.00", "missing_lines": 2, "excluded_lines": 0, "percent_statements_covered": 0.0, "percent_statements_covered_display": "0.00"}, "missing_lines": [42, 46], "excluded_lines": []}, "ParseError.__init__": {"executed_lines": [], "summary": {"covered_lines": 0, "num_statements": 5, "percent_covered": 0.0, "percent_covered_display": "0.00", "missing_lines": 5, "excluded_lines": 0, "percent_statements_covered": 0.0, "percent_statements_covered_display": "0.00"}, "missing_lines": [60, 61, 62, 64, 69], "excluded_lines": []}, "ValidationError.__init__": {"executed_lines": [84, 89], "summary": {"covered_lines": 2, "num_statements": 2, "percent_covered": 100.0, "percent_covered_display": "100.00", "missing_lines": 0, "excluded_lines": 0, "percent_statements_covered": 100.0, "percent_statements_covered_display": "100.00"}, "missing_lines": [], "excluded_lines": []}, "ResourceNotFoundError.__init__": {"executed_lines": [103, 108, 109], "summary": {"covered_lines": 3, "num_statements": 3, "percent_covered": 100.0, "percent_covered_display": "100.00", "missing_lines": 0, "excluded_lines": 0, "percent_statements_covered": 100.0, "percent_statements_covered_display": "100.00"}, "missing_lines": [], "excluded_lines": []}, "AIServiceError.__init__": {"executed_lines": [], "summary": {"covered_lines": 0, "num_statements": 4, "percent_covered": 0.0, "percent_covered_display": "0.00", "missing_lines": 4, "excluded_lines": 0, "percent_statements_covered": 0.0, "percent_statements_covered_display": "0.00"}, "missing_lines": [123, 124, 125, 127], "excluded_lines": []}, "GenerationError.__init__": {"executed_lines": [], "summary": {"covered_lines": 0, "num_statements": 5, "percent_covered": 0.0, "percent_covered_display": "0.00", "missing_lines": 5, "excluded_lines": 0, "percent_statements_covered": 0.0, "percent_statements_covered_display": "0.00"}, "missing_lines": [146, 147, 148, 150, 155], "excluded_lines": []}, "DatabaseError.__init__": {"executed_lines": [], "summary": {"covered_lines": 0, "num_statements": 5, "percent_covered": 0.0, "percent_covered_display": "0.00", "missing_lines": 5, "excluded_lines": 0, "percent_statements_covered": 0.0, "percent_statements_covered_display": "0.00"}, "missing_lines": [169, 170, 171, 173, 178], "excluded_lines": []}, "": {"executed_lines": [1, 9, 10, 12, 24, 32, 33, 35, 49, 50, 52, 72, 73, 75, 92, 93, 95, 112, 113, 115, 135, 136, 138, 158, 159, 161], "summary": {"covered_lines": 17, "num_statements": 17, "percent_covered": 100.0, "percent_covered_display": "100.00", "missing_lines": 0, "excluded_lines": 0, "percent_statements_covered": 100.0, "percent_statements_covered_display": "100.00"}, "missing_lines": [], "excluded_lines": []}}, "classes": {"ResumeCustomizerError": {"executed_lines": [20, 21, 22], "summary": {"covered_lines": 3, "num_statements": 7, "percent_covered": 42.857142857142854, "percent_covered_display": "42.86", "missing_lines": 4, "excluded_lines": 0, "percent_statements_covered": 42.857142857142854, "percent_statements_covered_display": "42.86"}, "missing_lines": [26, 27, 28, 29], "excluded_lines": []}, "FileNotFoundError": {"executed_lines": [], "summary": {"covered_lines": 0, "num_statements": 2, "percent_covered": 0.0, "percent_covered_display": "0.00", "missing_lines": 2, "excluded_lines": 0, "percent_statements_covered": 0.0, "percent_statements_covered_display": "0.00"}, "missing_lines": [42, 46], "excluded_lines": []}, "ParseError": {"executed_lines": [], "summary": {"covered_lines": 0, "num_statements": 5, "percent_covered": 0.0, "percent_covered_display": "0.00", "missing_lines": 5, "excluded_lines": 0, "percent_statements_covered": 0.0, "percent_statements_covered_display": "0.00"}, "missing_lines": [60, 61, 62, 64, 69], "excluded_lines": []}, "ValidationError": {"executed_lines": [84, 89], "summary": {"covered_lines": 2, "num_statements": 2, "percent_covered": 100.0, "percent_covered_display": "100.00", "missing_lines": 0, "excluded_lines": 0, "percent_statements_covered": 100.0, "percent_statements_covered_display": "100.00"}, "missing_lines": [], "excluded_lines": []}, "ResourceNotFoundError": {"executed_lines": [103, 108, 109], "summary": {"covered_lines": 3, "num_statements": 3, "percent_covered": 100.0, "percent_covered_display": "100.00", "missing_lines": 0, "excluded_lines": 0, "percent_statements_covered": 100.0, "percent_statements_covered_display": "100.00"}, "missing_lines": [], "excluded_lines": []}, "AIServiceError": {"executed_lines": [], "summary": {"covered_lines": 0, "num_statements": 4, "percent_covered": 0.0, "percent_covered_display": "0.00", "missing_lines": 4, "excluded_lines": 0, "percent_statements_covered": 0.0, "percent_statements_covered_display": "0.00"}, "missing_lines": [123, 124, 125, 127], "excluded_lines": []}, "GenerationError": {"executed_lines": [], "summary": {"covered_lines": 0, "num_statements": 5, "percent_covered": 0.0, "percent_covered_display": "0.00", "missing_lines": 5, "excluded_lines": 0, "percent_statements_covered": 0.0, "percent_statements_covered_display": "0.00"}, "missing_lines": [146, 147, 148, 150, 155], "excluded_lines": []}, "DatabaseError": {"executed_lines": [], "summary": {"covered_lines": 0, "num_statements": 5, "percent_covered": 0.0, "percent_covered_display": "0.00", "missing_lines": 5, "excluded_lines": 0, "percent_statements_covered": 0.0, "percent_statements_covered_display": "0.00"}, "missing_lines": [169, 170, 171, 173, 178], "excluded_lines": []}, "": {"executed_lines": [1, 9, 10, 12, 24, 32, 33, 35, 49, 50, 52, 72, 73, 75, 92, 93, 95, 112, 113, 115, 135, 136, 138, 158, 159, 161], "summary": {"covered_lines": 17, "num_statements": 17, "percent_covered": 100.0, "percent_covered_display": "100.00", "missing_lines": 0, "excluded_lines": 0, "percent_statements_covered": 100.0, "percent_statements_covered_display": "100.00"}, "missing_lines": [], "excluded_lines": []}}}, "src/resume_customizer/core/matcher.py": {"executed_lines": [1, 10, 11, 12, 13, 15, 16, 17, 19, 28, 30, 33, 36, 39, 40, 41, 48, 51, 52, 53, 55, 56, 57, 60, 61, 72, 80, 81, 82, 85, 86, 88, 89, 91, 93, 100, 101, 104, 107, 108, 109, 111, 114, 115, 119, 120, 123, 124, 125, 127, 128, 130, 155, 158, 161, 163, 165, 192, 193, 196, 197, 198, 201, 202, 204, 205, 208, 211, 216, 221, 222, 223, 224, 227, 228, 230, 232, 254, 255, 257, 258, 261, 262, 265, 266, 269, 270, 273, 275, 277, 301, 302, 304, 306, 307, 309, 310, 312, 317, 325, 326, 328, 329, 331, 336, 338, 355, 356, 358, 359, 361, 363, 388, 390, 391, 392, 394, 405, 420, 421, 423, 424, 426, 427, 428, 429, 431, 434, 454, 457, 458, 461, 462, 465, 466, 469, 470, 472, 473, 476, 479, 500, 502, 510, 511, 512, 514, 517, 547, 555, 556, 557, 559, 561, 562, 563, 566, 567, 568, 571, 572, 573, 574, 575, 578, 579, 580, 581, 582, 585, 586, 587, 593, 598, 600, 601, 602, 604, 612, 631, 634, 635, 640, 643, 646, 649, 650, 651, 654, 657, 677, 684, 685, 687, 690, 691, 692, 693, 696, 699, 700, 702, 705, 726, 733, 736, 737, 738, 739, 741, 744, 747, 748, 750, 753, 783, 784, 787, 792, 793, 794, 799, 802, 805, 808, 811, 819, 823, 824, 825, 830, 840, 841, 842, 844, 845, 850, 858, 870, 876, 879, 901, 904, 905, 910, 911, 916, 917, 921, 922, 926, 927, 931, 932, 937], "summary": {"covered_lines": 252, "num_statements": 263, "percent_covered": 95.81749049429658, "percent_covered_display": "95.82", "missing_lines": 11, "excluded_lines": 0, "percent_statements_covered": 95.81749049429658, "percent_statements_covered_display": "95.82"}, "missing_lines": [42, 43, 47, 112, 116, 212, 213, 217, 218, 697, 745], "excluded_lines": [], "functions": {"get_nlp": {"executed_lines": [39, 40, 41, 48], "summary": {"covered_lines": 4, "num_statements": 7, "percent_covered": 57.142857142857146, "percent_covered_display": "57.14", "missing_lines": 3, "excluded_lines": 0, "percent_statements_covered": 57.142857142857146, "percent_statements_covered_display": "57.14"}, "missing_lines": [42, 43, 47], "excluded_lines": []}, "SkillMatcher.__init__": {"executed_lines": [80, 81, 82, 85, 86, 88, 89, 91], "summary": {"covered_lines": 8, "num_statements": 8, "percent_covered": 100.0, "percent_covered_display": "100.00", "missing_lines": 0, "excluded_lines": 0, "percent_statements_covered": 100.0, "percent_statements_covered_display": "100.00"}, "missing_lines": [], "excluded_lines": []}, "SkillMatcher._load_synonyms": {"executed_lines": [100, 101, 104, 107, 108, 109, 111, 114, 115, 119, 120, 123, 124, 125, 127, 128], "summary": {"covered_lines": 16, "num_statements": 18, "percent_covered": 88.88888888888889, "percent_covered_display": "88.89", "missing_lines": 2, "excluded_lines": 0, "percent_statements_covered": 88.88888888888889, "percent_statements_covered_display": "88.89"}, "missing_lines": [112, 116], "excluded_lines": []}, "SkillMatcher._normalize": {"executed_lines": [155, 158, 161, 163], "summary": {"covered_lines": 4, "num_statements": 4, "percent_covered": 100.0, "percent_covered_display": "100.00", "missing_lines": 0, "excluded_lines": 0, "percent_statements_covered": 100.0, "percent_statements_covered_display": "100.00"}, "missing_lines": [], "excluded_lines": []}, "SkillMatcher.match_skill": {"executed_lines": [192, 193, 196, 197, 198, 201, 202, 204, 205, 208, 211, 216, 221, 222, 223, 224, 227, 228, 230], "summary": {"covered_lines": 19, "num_statements": 23, "percent_covered": 82.6086956521739, "percent_covered_display": "82.61", "missing_lines": 4, "excluded_lines": 0, "percent_statements_covered": 82.6086956521739, "percent_statements_covered_display": "82.61"}, "missing_lines": [212, 213, 217, 218], "excluded_lines": []}, "SkillMatcher._check_hierarchy": {"executed_lines": [254, 255, 257, 258, 261, 262, 265, 266, 269, 270, 273, 275], "summary": {"covered_lines": 12, "num_statements": 12, "percent_covered": 100.0, "percent_covered_display": "100.00", "missing_lines": 0, "excluded_lines": 0, "percent_statements_covered": 100.0, "percent_statements_covered_display": "100.00"}, "missing_lines": [], "excluded_lines": []}, "SkillMatcher.match_skills": {"executed_lines": [301, 302, 304, 306, 307, 309, 310, 312, 317, 325, 326, 328, 329, 331, 336], "summary": {"covered_lines": 15, "num_statements": 15, "percent_covered": 100.0, "percent_covered_display": "100.00", "missing_lines": 0, "excluded_lines": 0, "percent_statements_covered": 100.0, "percent_statements_covered_display": "100.00"}, "missing_lines": [], "excluded_lines": []}, "SkillMatcher.calculate_required_skills_match": {"executed_lines": [355, 356, 358, 359, 361], "summary": {"covered_lines": 5, "num_statements": 5, "percent_covered": 100.0, "percent_covered_display": "100.00", "missing_lines": 0, "excluded_lines": 0, "percent_statements_covered": 100.0, "percent_statements_covered_display": "100.00"}, "missing_lines": [], "excluded_lines": []}, "SkillMatcher.identify_missing_skills": {"executed_lines": [388, 390, 391, 392, 394], "summary": {"covered_lines": 5, "num_statements": 5, "percent_covered": 100.0, "percent_covered_display": "100.00", "missing_lines": 0, "excluded_lines": 0, "percent_statements_covered": 100.0, "percent_statements_covered_display": "100.00"}, "missing_lines": [], "excluded_lines": []}, "extract_keywords": {"executed_lines": [420, 421, 423, 424, 426, 427, 428, 429, 431], "summary": {"covered_lines": 9, "num_statements": 9, "percent_covered": 100.0, "percent_covered_display": "100.00", "missing_lines": 0, "excluded_lines": 0, "percent_statements_covered": 100.0, "percent_statements_covered_display": "100.00"}, "missing_lines": [], "excluded_lines": []}, "extract_technical_terms": {"executed_lines": [454, 457, 458, 461, 462, 465, 466, 469, 470, 472, 473, 476], "summary": {"covered_lines": 12, "num_statements": 12, "percent_covered": 100.0, "percent_covered_display": "100.00", "missing_lines": 0, "excluded_lines": 0, "percent_statements_covered": 100.0, "percent_statements_covered_display": "100.00"}, "missing_lines": [], "excluded_lines": []}, "extract_metrics": {"executed_lines": [500, 502, 510, 511, 512, 514], "summary": {"covered_lines": 6, "num_statements": 6, "percent_covered": 100.0, "percent_covered_display": "100.00", "missing_lines": 0, "excluded_lines": 0, "percent_statements_covered": 100.0, "percent_statements_covered_display": "100.00"}, "missing_lines": [], "excluded_lines": []}, "rank_achievements": {"executed_lines": [547, 555, 556, 557, 559, 561, 562, 563, 566, 567, 568, 571, 572, 573, 574, 575, 578, 579, 580, 581, 582, 585, 586, 587, 593, 598, 600, 601, 602, 604], "summary": {"covered_lines": 30, "num_statements": 30, "percent_covered": 100.0, "percent_covered_display": "100.00", "missing_lines": 0, "excluded_lines": 0, "percent_statements_covered": 100.0, "percent_statements_covered_display": "100.00"}, "missing_lines": [], "excluded_lines": []}, "calculate_experience_score": {"executed_lines": [631, 634, 635, 640, 643, 646, 649, 650, 651, 654], "summary": {"covered_lines": 10, "num_statements": 10, "percent_covered": 100.0, "percent_covered_display": "100.00", "missing_lines": 0, "excluded_lines": 0, "percent_statements_covered": 100.0, "percent_statements_covered_display": "100.00"}, "missing_lines": [], "excluded_lines": []}, "calculate_domain_score": {"executed_lines": [677, 684, 685, 687, 690, 691, 692, 693, 696, 699, 700, 702], "summary": {"covered_lines": 12, "num_statements": 13, "percent_covered": 92.3076923076923, "percent_covered_display": "92.31", "missing_lines": 1, "excluded_lines": 0, "percent_statements_covered": 92.3076923076923, "percent_statements_covered_display": "92.31"}, "missing_lines": [697], "excluded_lines": []}, "calculate_keyword_score": {"executed_lines": [726, 733, 736, 737, 738, 739, 741, 744, 747, 748, 750], "summary": {"covered_lines": 11, "num_statements": 12, "percent_covered": 91.66666666666667, "percent_covered_display": "91.67", "missing_lines": 1, "excluded_lines": 0, "percent_statements_covered": 91.66666666666667, "percent_statements_covered_display": "91.67"}, "missing_lines": [745], "excluded_lines": []}, "calculate_match_score": {"executed_lines": [783, 784, 787, 792, 793, 794, 799, 802, 805, 808, 811, 819, 823, 824, 825, 830, 840, 841, 842, 844, 845, 850, 858, 870, 876], "summary": {"covered_lines": 25, "num_statements": 25, "percent_covered": 100.0, "percent_covered_display": "100.00", "missing_lines": 0, "excluded_lines": 0, "percent_statements_covered": 100.0, "percent_statements_covered_display": "100.00"}, "missing_lines": [], "excluded_lines": []}, "_generate_suggestions": {"executed_lines": [901, 904, 905, 910, 911, 916, 917, 921, 922, 926, 927, 931, 932, 937], "summary": {"covered_lines": 14, "num_statements": 14, "percent_covered": 100.0, "percent_covered_display": "100.00", "missing_lines": 0, "excluded_lines": 0, "percent_statements_covered": 100.0, "percent_statements_covered_display": "100.00"}, "missing_lines": [], "excluded_lines": []}, "": {"executed_lines": [1, 10, 11, 12, 13, 15, 16, 17, 19, 28, 30, 33, 36, 51, 52, 53, 55, 56, 57, 60, 61, 72, 93, 130, 165, 232, 277, 338, 363, 405, 434, 479, 517, 612, 657, 705, 753, 879], "summary": {"covered_lines": 35, "num_statements": 35, "percent_covered": 100.0, "percent_covered_display": "100.00", "missing_lines": 0, "excluded_lines": 0, "percent_statements_covered": 100.0, "percent_statements_covered_display": "100.00"}, "missing_lines": [], "excluded_lines": []}}, "classes": {"RankedAchievement": {"executed_lines": [], "summary": {"covered_lines": 0, "num_statements": 0, "percent_covered": 100.0, "percent_covered_display": "100.00", "missing_lines": 0, "excluded_lines": 0, "percent_statements_covered": 100.0, "percent_statements_covered_display": "100.00"}, "missing_lines": [], "excluded_lines": []}, "SkillMatcher": {"executed_lines": [80, 81, 82, 85, 86, 88, 89, 91, 100, 101, 104, 107, 108, 109, 111, 114, 115, 119, 120, 123, 124, 125, 127, 128, 155, 158, 161, 163, 192, 193, 196, 197, 198, 201, 202, 204, 205, 208, 211, 216, 221, 222, 223, 224, 227, 228, 230, 254, 255, 257, 258, 261, 262, 265, 266, 269, 270, 273, 275, 301, 302, 304, 306, 307, 309, 310, 312, 317, 325, 326, 328, 329, 331, 336, 355, 356, 358, 359, 361, 388, 390, 391, 392, 394], "summary": {"covered_lines": 84, "num_statements": 90, "percent_covered": 93.33333333333333, "percent_covered_display": "93.33", "missing_lines": 6, "excluded_lines": 0, "percent_statements_covered": 93.33333333333333, "percent_statements_covered_display": "93.33"}, "missing_lines": [112, 116, 212, 213, 217, 218], "excluded_lines": []}, "": {"executed_lines": [1, 10, 11, 12, 13, 15, 16, 17, 19, 28, 30, 33, 36, 39, 40, 41, 48, 51, 52, 53, 55, 56, 57, 60, 61, 72, 93, 130, 165, 232, 277, 338, 363, 405, 420, 421, 423, 424, 426, 427, 428, 429, 431, 434, 454, 457, 458, 461, 462, 465, 466, 469, 470, 472, 473, 476, 479, 500, 502, 510, 511, 512, 514, 517, 547, 555, 556, 557, 559, 561, 562, 563, 566, 567, 568, 571, 572, 573, 574, 575, 578, 579, 580, 581, 582, 585, 586, 587, 593, 598, 600, 601, 602, 604, 612, 631, 634, 635, 640, 643, 646, 649, 650, 651, 654, 657, 677, 684, 685, 687, 690, 691, 692, 693, 696, 699, 700, 702, 705, 726, 733, 736, 737, 738, 739, 741, 744, 747, 748, 750, 753, 783, 784, 787, 792, 793, 794, 799, 802, 805, 808, 811, 819, 823, 824, 825, 830, 840, 841, 842, 844, 845, 850, 858, 870, 876, 879, 901, 904, 905, 910, 911, 916, 917, 921, 922, 926, 927, 931, 932, 937], "summary": {"covered_lines": 168, "num_statements": 173, "percent_covered": 97.10982658959537, "percent_covered_display": "97.11", "missing_lines": 5, "excluded_lines": 0, "percent_statements_covered": 97.10982658959537, "percent_statements_covered_display": "97.11"}, "missing_lines": [42, 43, 47, 697, 745], "excluded_lines": []}}}, "src/resume_customizer/core/models.py": {"executed_lines": [1, 7, 8, 11, 12, 13, 15, 16, 17, 18, 19, 20, 21, 23, 25, 36, 37, 38, 40, 41, 42, 43, 45, 47, 55, 56, 57, 59, 60, 61, 62, 63, 64, 65, 66, 67, 69, 71, 84, 85, 86, 88, 89, 90, 91, 92, 94, 96, 105, 106, 107, 109, 110, 111, 112, 113, 114, 116, 118, 128, 129, 130, 132, 133, 134, 135, 136, 137, 139, 141, 151, 152, 153, 155, 156, 157, 158, 159, 160, 162, 164, 174, 175, 176, 178, 179, 180, 181, 182, 183, 184, 185, 186, 187, 188, 190, 192, 207, 208, 209, 211, 212, 213, 214, 215, 217, 219, 228, 229, 230, 232, 233, 234, 235, 237, 239, 247, 248, 249, 251, 252, 253, 254, 255, 256, 257, 258, 259, 260, 261, 262, 263, 264, 265, 266, 268, 270, 290, 291, 292, 294, 295, 296, 297, 299, 309, 310, 311, 313, 314, 315, 316, 317, 319, 321, 330, 331, 332, 334, 335, 336, 337, 338, 339, 340, 341, 342, 343, 345, 347, 363, 364, 365, 367, 368, 369, 370, 371, 372, 373, 374, 375, 376, 378], "summary": {"covered_lines": 168, "num_statements": 170, "percent_covered": 98.82352941176471, "percent_covered_display": "98.82", "missing_lines": 2, "excluded_lines": 0, "percent_statements_covered": 98.82352941176471, "percent_statements_covered_display": "98.82"}, "missing_lines": [301, 380], "excluded_lines": [], "functions": {"ContactInfo.to_dict": {"executed_lines": [25], "summary": {"covered_lines": 1, "num_statements": 1, "percent_covered": 100.0, "percent_covered_display": "100.00", "missing_lines": 0, "excluded_lines": 0, "percent_statements_covered": 100.0, "percent_statements_covered_display": "100.00"}, "missing_lines": [], "excluded_lines": []}, "Achievement.to_dict": {"executed_lines": [47], "summary": {"covered_lines": 1, "num_statements": 1, "percent_covered": 100.0, "percent_covered_display": "100.00", "missing_lines": 0, "excluded_lines": 0, "percent_statements_covered": 100.0, "percent_statements_covered_display": "100.00"}, "missing_lines": [], "excluded_lines": []}, "Experience.to_dict": {"executed_lines": [71], "summary": {"covered_lines": 1, "num_statements": 1, "percent_covered": 100.0, "percent_covered_display": "100.00", "missing_lines": 0, "excluded_lines": 0, "percent_statements_covered": 100.0, "percent_statements_covered_display": "100.00"}, "missing_lines": [], "excluded_lines": []}, "Skill.to_dict": {"executed_lines": [96], "summary": {"covered_lines": 1, "num_statements": 1, "percent_covered": 100.0, "percent_covered_display": "100.00", "missing_lines": 0, "excluded_lines": 0, "percent_statements_covered": 100.0, "percent_statements_covered_display": "100.00"}, "missing_lines": [], "excluded_lines": []}, "Education.to_dict": {"executed_lines": [118], "summary": {"covered_lines": 1, "num_statements": 1, "percent_covered": 100.0, "percent_covered_display": "100.00", "missing_lines": 0, "excluded_lines": 0, "percent_statements_covered": 100.0, "percent_statements_covered_display": "100.00"}, "missing_lines": [], "excluded_lines": []}, "Certification.to_dict": {"executed_lines": [141], "summary": {"covered_lines": 1, "num_statements": 1, "percent_covered": 100.0, "percent_covered_display": "100.00", "missing_lines": 0, "excluded_lines": 0, "percent_statements_covered": 100.0, "percent_statements_covered_display": "100.00"}, "missing_lines": [], "excluded_lines": []}, "Project.to_dict": {"executed_lines": [164], "summary": {"covered_lines": 1, "num_statements": 1, "percent_covered": 100.0, "percent_covered_display": "100.00", "missing_lines": 0, "excluded_lines": 0, "percent_statements_covered": 100.0, "percent_statements_covered_display": "100.00"}, "missing_lines": [], "excluded_lines": []}, "UserProfile.to_dict": {"executed_lines": [192], "summary": {"covered_lines": 1, "num_statements": 1, "percent_covered": 100.0, "percent_covered_display": "100.00", "missing_lines": 0, "excluded_lines": 0, "percent_statements_covered": 100.0, "percent_statements_covered_display": "100.00"}, "missing_lines": [], "excluded_lines": []}, "JobRequirements.to_dict": {"executed_lines": [219], "summary": {"covered_lines": 1, "num_statements": 1, "percent_covered": 100.0, "percent_covered_display": "100.00", "missing_lines": 0, "excluded_lines": 0, "percent_statements_covered": 100.0, "percent_statements_covered_display": "100.00"}, "missing_lines": [], "excluded_lines": []}, "JobKeywords.to_dict": {"executed_lines": [239], "summary": {"covered_lines": 1, "num_statements": 1, "percent_covered": 100.0, "percent_covered_display": "100.00", "missing_lines": 0, "excluded_lines": 0, "percent_statements_covered": 100.0, "percent_statements_covered_display": "100.00"}, "missing_lines": [], "excluded_lines": []}, "JobDescription.to_dict": {"executed_lines": [270], "summary": {"covered_lines": 1, "num_statements": 1, "percent_covered": 100.0, "percent_covered_display": "100.00", "missing_lines": 0, "excluded_lines": 0, "percent_statements_covered": 100.0, "percent_statements_covered_display": "100.00"}, "missing_lines": [], "excluded_lines": []}, "SkillMatch.to_dict": {"executed_lines": [], "summary": {"covered_lines": 0, "num_statements": 1, "percent_covered": 0.0, "percent_covered_display": "0.00", "missing_lines": 1, "excluded_lines": 0, "percent_statements_covered": 0.0, "percent_statements_covered_display": "0.00"}, "missing_lines": [301], "excluded_lines": []}, "MatchBreakdown.to_dict": {"executed_lines": [321], "summary": {"covered_lines": 1, "num_statements": 1, "percent_covered": 100.0, "percent_covered_display": "100.00", "missing_lines": 0, "excluded_lines": 0, "percent_statements_covered": 100.0, "percent_statements_covered_display": "100.00"}, "missing_lines": [], "excluded_lines": []}, "MatchResult.to_dict": {"executed_lines": [347], "summary": {"covered_lines": 1, "num_statements": 1, "percent_covered": 100.0, "percent_covered_display": "100.00", "missing_lines": 0, "excluded_lines": 0, "percent_statements_covered": 100.0, "percent_statements_covered_display": "100.00"}, "missing_lines": [], "excluded_lines": []}, "CustomizedResume.to_dict": {"executed_lines": [], "summary": {"covered_lines": 0, "num_statements": 1, "percent_covered": 0.0, "percent_covered_display": "0.00", "missing_lines": 1, "excluded_lines": 0, "percent_statements_covered": 0.0, "percent_statements_covered_display": "0.00"}, "missing_lines": [380], "excluded_lines": []}, "": {"executed_lines": [1, 7, 8, 11, 12, 13, 15, 16, 17, 18, 19, 20, 21, 23, 36, 37, 38, 40, 41, 42, 43, 45, 55, 56, 57, 59, 60, 61, 62, 63, 64, 65, 66, 67, 69, 84, 85, 86, 88, 89, 90, 91, 92, 94, 105, 106, 107, 109, 110, 111, 112, 113, 114, 116, 128, 129, 130, 132, 133, 134, 135, 136, 137, 139, 151, 152, 153, 155, 156, 157, 158, 159, 160, 162, 174, 175, 176, 178, 179, 180, 181, 182, 183, 184, 185, 186, 187, 188, 190, 207, 208, 209, 211, 212, 213, 214, 215, 217, 228, 229, 230, 232, 233, 234, 235, 237, 247, 248, 249, 251, 252, 253, 254, 255, 256, 257, 258, 259, 260, 261, 262, 263, 264, 265, 266, 268, 290, 291, 292, 294, 295, 296, 297, 299, 309, 310, 311, 313, 314, 315, 316, 317, 319, 330, 331, 332, 334, 335, 336, 337, 338, 339, 340, 341, 342, 343, 345, 363, 364, 365, 367, 368, 369, 370, 371, 372, 373, 374, 375, 376, 378], "summary": {"covered_lines": 155, "num_statements": 155, "percent_covered": 100.0, "percent_covered_display": "100.00", "missing_lines": 0, "excluded_lines": 0, "percent_statements_covered": 100.0, "percent_statements_covered_display": "100.00"}, "missing_lines": [], "excluded_lines": []}}, "classes": {"ContactInfo": {"executed_lines": [25], "summary": {"covered_lines": 1, "num_statements": 1, "percent_covered": 100.0, "percent_covered_display": "100.00", "missing_lines": 0, "excluded_lines": 0, "percent_statements_covered": 100.0, "percent_statements_covered_display": "100.00"}, "missing_lines": [], "excluded_lines": []}, "Achievement": {"executed_lines": [47], "summary": {"covered_lines": 1, "num_statements": 1, "percent_covered": 100.0, "percent_covered_display": "100.00", "missing_lines": 0, "excluded_lines": 0, "percent_statements_covered": 100.0, "percent_statements_covered_display": "100.00"}, "missing_lines": [], "excluded_lines": []}, "Experience": {"executed_lines": [71], "summary": {"covered_lines": 1, "num_statements": 1, "percent_covered": 100.0, "percent_covered_display": "100.00", "missing_lines": 0, "excluded_lines": 0, "percent_statements_covered": 100.0, "percent_statements_covered_display": "100.00"}, "missing_lines": [], "excluded_lines": []}, "Skill": {"executed_lines": [96], "summary": {"covered_lines": 1, "num_statements": 1, "percent_covered": 100.0, "percent_covered_display": "100.00", "missing_lines": 0, "excluded_lines": 0, "percent_statements_covered": 100.0, "percent_statements_covered_display": "100.00"}, "missing_lines": [], "excluded_lines": []}, "Education": {"executed_lines": [118], "summary": {"covered_lines": 1, "num_statements": 1, "percent_covered": 100.0, "percent_covered_display": "100.00", "missing_lines": 0, "excluded_lines": 0, "percent_statements_covered": 100.0, "percent_statements_covered_display": "100.00"}, "missing_lines": [], "excluded_lines": []}, "Certification": {"executed_lines": [141], "summary": {"covered_lines": 1, "num_statements": 1, "percent_covered": 100.0, "percent_covered_display": "100.00", "missing_lines": 0, "excluded_lines": 0, "percent_statements_covered": 100.0, "percent_statements_covered_display": "100.00"}, "missing_lines": [], "excluded_lines": []}, "Project": {"executed_lines": [164], "summary": {"covered_lines": 1, "num_statements": 1, "percent_covered": 100.0, "percent_covered_display": "100.00", "missing_lines": 0, "excluded_lines": 0, "percent_statements_covered": 100.0, "percent_statements_covered_display": "100.00"}, "missing_lines": [], "excluded_lines": []}, "UserProfile": {"executed_lines": [192], "summary": {"covered_lines": 1, "num_statements": 1, "percent_covered": 100.0, "percent_covered_display": "100.00", "missing_lines": 0, "excluded_lines": 0, "percent_statements_covered": 100.0, "percent_statements_covered_display": "100.00"}, "missing_lines": [], "excluded_lines": []}, "JobRequirements": {"executed_lines": [219], "summary": {"covered_lines": 1, "num_statements": 1, "percent_covered": 100.0, "percent_covered_display": "100.00", "missing_lines": 0, "excluded_lines": 0, "percent_statements_covered": 100.0, "percent_statements_covered_display": "100.00"}, "missing_lines": [], "excluded_lines": []}, "JobKeywords": {"executed_lines": [239], "summary": {"covered_lines": 1, "num_statements": 1, "percent_covered": 100.0, "percent_covered_display": "100.00", "missing_lines": 0, "excluded_lines": 0, "percent_statements_covered": 100.0, "percent_statements_covered_display": "100.00"}, "missing_lines": [], "excluded_lines": []}, "JobDescription": {"executed_lines": [270], "summary": {"covered_lines": 1, "num_statements": 1, "percent_covered": 100.0, "percent_covered_display": "100.00", "missing_lines": 0, "excluded_lines": 0, "percent_statements_covered": 100.0, "percent_statements_covered_display": "100.00"}, "missing_lines": [], "excluded_lines": []}, "SkillMatch": {"executed_lines": [], "summary": {"covered_lines": 0, "num_statements": 1, "percent_covered": 0.0, "percent_covered_display": "0.00", "missing_lines": 1, "excluded_lines": 0, "percent_statements_covered": 0.0, "percent_statements_covered_display": "0.00"}, "missing_lines": [301], "excluded_lines": []}, "MatchBreakdown": {"executed_lines": [321], "summary": {"covered_lines": 1, "num_statements": 1, "percent_covered": 100.0, "percent_covered_display": "100.00", "missing_lines": 0, "excluded_lines": 0, "percent_statements_covered": 100.0, "percent_statements_covered_display": "100.00"}, "missing_lines": [], "excluded_lines": []}, "MatchResult": {"executed_lines": [347], "summary": {"covered_lines": 1, "num_statements": 1, "percent_covered": 100.0, "percent_covered_display": "100.00", "missing_lines": 0, "excluded_lines": 0, "percent_statements_covered": 100.0, "percent_statements_covered_display": "100.00"}, "missing_lines": [], "excluded_lines": []}, "CustomizedResume": {"executed_lines": [], "summary": {"covered_lines": 0, "num_statements": 1, "percent_covered": 0.0, "percent_covered_display": "0.00", "missing_lines": 1, "excluded_lines": 0, "percent_statements_covered": 0.0, "percent_statements_covered_display": "0.00"}, "missing_lines": [380], "excluded_lines": []}, "": {"executed_lines": [1, 7, 8, 11, 12, 13, 15, 16, 17, 18, 19, 20, 21, 23, 36, 37, 38, 40, 41, 42, 43, 45, 55, 56, 57, 59, 60, 61, 62, 63, 64, 65, 66, 67, 69, 84, 85, 86, 88, 89, 90, 91, 92, 94, 105, 106, 107, 109, 110, 111, 112, 113, 114, 116, 128, 129, 130, 132, 133, 134, 135, 136, 137, 139, 151, 152, 153, 155, 156, 157, 158, 159, 160, 162, 174, 175, 176, 178, 179, 180, 181, 182, 183, 184, 185, 186, 187, 188, 190, 207, 208, 209, 211, 212, 213, 214, 215, 217, 228, 229, 230, 232, 233, 234, 235, 237, 247, 248, 249, 251, 252, 253, 254, 255, 256, 257, 258, 259, 260, 261, 262, 263, 264, 265, 266, 268, 290, 291, 292, 294, 295, 296, 297, 299, 309, 310, 311, 313, 314, 315, 316, 317, 319, 330, 331, 332, 334, 335, 336, 337, 338, 339, 340, 341, 342, 343, 345, 363, 364, 365, 367, 368, 369, 370, 371, 372, 373, 374, 375, 376, 378], "summary": {"covered_lines": 155, "num_statements": 155, "percent_covered": 100.0, "percent_covered_display": "100.00", "missing_lines": 0, "excluded_lines": 0, "percent_statements_covered": 100.0, "percent_statements_covered_display": "100.00"}, "missing_lines": [], "excluded_lines": []}}}, "src/resume_customizer/generators/__init__.py": {"executed_lines": [1, 3, 10], "summary": {"covered_lines": 2, "num_statements": 2, "percent_covered": 100.0, "percent_covered_display": "100.00", "missing_lines": 0, "excluded_lines": 0, "percent_statements_covered": 100.0, "percent_statements_covered_display": "100.00"}, "missing_lines": [], "excluded_lines": [], "functions": {"": {"executed_lines": [1, 3, 10], "summary": {"covered_lines": 2, "num_statements": 2, "percent_covered": 100.0, "percent_covered_display": "100.00", "missing_lines": 0, "excluded_lines": 0, "percent_statements_covered": 100.0, "percent_statements_covered_display": "100.00"}, "missing_lines": [], "excluded_lines": []}}, "classes": {"": {"executed_lines": [1, 3, 10], "summary": {"covered_lines": 2, "num_statements": 2, "percent_covered": 100.0, "percent_covered_display": "100.00", "missing_lines": 0, "excluded_lines": 0, "percent_statements_covered": 100.0, "percent_statements_covered_display": "100.00"}, "missing_lines": [], "excluded_lines": []}}}, "src/resume_customizer/generators/template_engine.py": {"executed_lines": [1, 3, 4, 5, 6, 7, 9, 10, 12, 14, 17, 18, 20, 23, 24, 26, 29, 30, 32, 35, 46, 48, 49, 51, 53, 54, 55, 57, 58, 61, 65, 66, 68, 71, 81, 83, 84, 90, 92, 95, 110, 111, 112, 128, 131, 142, 145, 158, 174, 191, 214, 217, 218, 220, 230, 232, 233, 235, 236, 242, 243, 248, 249, 252, 260, 262, 269, 270, 272, 285, 287, 288, 289, 290, 291, 292, 293, 298, 319, 321, 324, 327, 329, 334, 336, 337, 343, 366, 368, 373, 376, 377, 380, 383, 385, 390, 392, 393, 401, 423, 424, 425, 427, 429, 432, 435, 436, 437, 438, 439, 440, 443, 444, 445, 446, 447, 448, 449, 452, 453, 454, 455, 456, 457, 458, 459, 461, 462, 463, 464, 466, 467, 468, 469, 470, 472, 473, 474, 477, 478, 479, 480, 483, 484, 485, 487, 488, 489, 490, 492, 493, 494, 497, 498, 501, 502, 503, 506, 507, 508, 509, 510, 511, 514, 515, 516, 517, 518, 519, 520, 522, 523, 524, 527, 528, 529, 530, 531, 532, 533, 535, 536, 538, 539, 540, 541, 542, 543, 544, 545, 548, 558, 561, 563, 565, 570, 574, 576, 577, 578, 579, 581, 582, 583, 584, 586, 587], "summary": {"covered_lines": 202, "num_statements": 223, "percent_covered": 90.5829596412556, "percent_covered_display": "90.58", "missing_lines": 21, "excluded_lines": 0, "percent_statements_covered": 90.5829596412556, "percent_statements_covered_display": "90.58"}, "missing_lines": [62, 63, 237, 239, 240, 338, 339, 394, 395, 396, 397, 471, 549, 550, 551, 552, 553, 554, 555, 567, 568], "excluded_lines": [], "functions": {"_format_date_range": {"executed_lines": [46, 65, 66, 68], "summary": {"covered_lines": 4, "num_statements": 4, "percent_covered": 100.0, "percent_covered_display": "100.00", "missing_lines": 0, "excluded_lines": 0, "percent_statements_covered": 100.0, "percent_statements_covered_display": "100.00"}, "missing_lines": [], "excluded_lines": []}, "_format_date_range.format_date": {"executed_lines": [48, 49, 51, 53, 54, 55, 57, 58, 61], "summary": {"covered_lines": 9, "num_statements": 11, "percent_covered": 81.81818181818181, "percent_covered_display": "81.82", "missing_lines": 2, "excluded_lines": 0, "percent_statements_covered": 81.81818181818181, "percent_statements_covered_display": "81.82"}, "missing_lines": [62, 63], "excluded_lines": []}, "_group_skills_by_category": {"executed_lines": [81, 83, 84, 90, 92], "summary": {"covered_lines": 5, "num_statements": 5, "percent_covered": 100.0, "percent_covered_display": "100.00", "missing_lines": 0, "excluded_lines": 0, "percent_statements_covered": 100.0, "percent_statements_covered_display": "100.00"}, "missing_lines": [], "excluded_lines": []}, "_prepare_template_context": {"executed_lines": [110, 111, 112, 128, 131, 142, 145, 158, 174, 191, 214], "summary": {"covered_lines": 11, "num_statements": 11, "percent_covered": 100.0, "percent_covered_display": "100.00", "missing_lines": 0, "excluded_lines": 0, "percent_statements_covered": 100.0, "percent_statements_covered_display": "100.00"}, "missing_lines": [], "excluded_lines": []}, "TemplateEngine.__init__": {"executed_lines": [230, 232, 233, 235, 236, 242, 243, 248, 249, 252, 260], "summary": {"covered_lines": 11, "num_statements": 14, "percent_covered": 78.57142857142857, "percent_covered_display": "78.57", "missing_lines": 3, "excluded_lines": 0, "percent_statements_covered": 78.57142857142857, "percent_statements_covered_display": "78.57"}, "missing_lines": [237, 239, 240], "excluded_lines": []}, "TemplateEngine.list_templates": {"executed_lines": [269, 270], "summary": {"covered_lines": 2, "num_statements": 2, "percent_covered": 100.0, "percent_covered_display": "100.00", "missing_lines": 0, "excluded_lines": 0, "percent_statements_covered": 100.0, "percent_statements_covered_display": "100.00"}, "missing_lines": [], "excluded_lines": []}, "TemplateEngine.load_template": {"executed_lines": [285, 287, 288, 289, 290, 291, 292, 293], "summary": {"covered_lines": 8, "num_statements": 8, "percent_covered": 100.0, "percent_covered_display": "100.00", "missing_lines": 0, "excluded_lines": 0, "percent_statements_covered": 100.0, "percent_statements_covered_display": "100.00"}, "missing_lines": [], "excluded_lines": []}, "TemplateEngine.render_html": {"executed_lines": [319, 321, 324, 327, 329, 334, 336, 337], "summary": {"covered_lines": 8, "num_statements": 10, "percent_covered": 80.0, "percent_covered_display": "80.00", "missing_lines": 2, "excluded_lines": 0, "percent_statements_covered": 80.0, "percent_statements_covered_display": "80.00"}, "missing_lines": [338, 339], "excluded_lines": []}, "TemplateEngine.generate_pdf": {"executed_lines": [366, 368, 373, 376, 377, 380, 383, 385, 390, 392, 393], "summary": {"covered_lines": 11, "num_statements": 15, "percent_covered": 73.33333333333333, "percent_covered_display": "73.33", "missing_lines": 4, "excluded_lines": 0, "percent_statements_covered": 73.33333333333333, "percent_statements_covered_display": "73.33"}, "missing_lines": [394, 395, 396, 397], "excluded_lines": []}, "TemplateEngine.generate_docx": {"executed_lines": [423, 424, 425, 427, 429, 432, 435, 436, 437, 438, 439, 440, 443, 444, 445, 446, 447, 448, 449, 452, 453, 454, 455, 456, 457, 458, 459, 461, 462, 463, 464, 466, 467, 468, 469, 470, 472, 473, 474, 477, 478, 479, 480, 483, 484, 485, 487, 488, 489, 490, 492, 493, 494, 497, 498, 501, 502, 503, 506, 507, 508, 509, 510, 511, 514, 515, 516, 517, 518, 519, 520, 522, 523, 524, 527, 528, 529, 530, 531, 532, 533, 535, 536, 538, 539, 540, 541, 542, 543, 544, 545, 548, 558, 561, 563, 565], "summary": {"covered_lines": 96, "num_statements": 106, "percent_covered": 90.56603773584905, "percent_covered_display": "90.57", "missing_lines": 10, "excluded_lines": 0, "percent_statements_covered": 90.56603773584905, "percent_statements_covered_display": "90.57"}, "missing_lines": [471, 549, 550, 551, 552, 553, 554, 555, 567, 568], "excluded_lines": []}, "TemplateEngine._add_section_heading": {"executed_lines": [574, 576, 577, 578, 579, 581, 582, 583, 584, 586, 587], "summary": {"covered_lines": 11, "num_statements": 11, "percent_covered": 100.0, "percent_covered_display": "100.00", "missing_lines": 0, "excluded_lines": 0, "percent_statements_covered": 100.0, "percent_statements_covered_display": "100.00"}, "missing_lines": [], "excluded_lines": []}, "": {"executed_lines": [1, 3, 4, 5, 6, 7, 9, 10, 12, 14, 17, 18, 20, 23, 24, 26, 29, 30, 32, 35, 71, 95, 217, 218, 220, 262, 272, 298, 343, 401, 570], "summary": {"covered_lines": 26, "num_statements": 26, "percent_covered": 100.0, "percent_covered_display": "100.00", "missing_lines": 0, "excluded_lines": 0, "percent_statements_covered": 100.0, "percent_statements_covered_display": "100.00"}, "missing_lines": [], "excluded_lines": []}}, "classes": {"TemplateNotFoundError": {"executed_lines": [], "summary": {"covered_lines": 0, "num_statements": 0, "percent_covered": 100.0, "percent_covered_display": "100.00", "missing_lines": 0, "excluded_lines": 0, "percent_statements_covered": 100.0, "percent_statements_covered_display": "100.00"}, "missing_lines": [], "excluded_lines": []}, "TemplateRenderError": {"executed_lines": [], "summary": {"covered_lines": 0, "num_statements": 0, "percent_covered": 100.0, "percent_covered_display": "100.00", "missing_lines": 0, "excluded_lines": 0, "percent_statements_covered": 100.0, "percent_statements_covered_display": "100.00"}, "missing_lines": [], "excluded_lines": []}, "PDFGenerationError": {"executed_lines": [], "summary": {"covered_lines": 0, "num_statements": 0, "percent_covered": 100.0, "percent_covered_display": "100.00", "missing_lines": 0, "excluded_lines": 0, "percent_statements_covered": 100.0, "percent_statements_covered_display": "100.00"}, "missing_lines": [], "excluded_lines": []}, "TemplateEngine": {"executed_lines": [230, 232, 233, 235, 236, 242, 243, 248, 249, 252, 260, 269, 270, 285, 287, 288, 289, 290, 291, 292, 293, 319, 321, 324, 327, 329, 334, 336, 337, 366, 368, 373, 376, 377, 380, 383, 385, 390, 392, 393, 423, 424, 425, 427, 429, 432, 435, 436, 437, 438, 439, 440, 443, 444, 445, 446, 447, 448, 449, 452, 453, 454, 455, 456, 457, 458, 459, 461, 462, 463, 464, 466, 467, 468, 469, 470, 472, 473, 474, 477, 478, 479, 480, 483, 484, 485, 487, 488, 489, 490, 492, 493, 494, 497, 498, 501, 502, 503, 506, 507, 508, 509, 510, 511, 514, 515, 516, 517, 518, 519, 520, 522, 523, 524, 527, 528, 529, 530, 531, 532, 533, 535, 536, 538, 539, 540, 541, 542, 543, 544, 545, 548, 558, 561, 563, 565, 574, 576, 577, 578, 579, 581, 582, 583, 584, 586, 587], "summary": {"covered_lines": 147, "num_statements": 166, "percent_covered": 88.55421686746988, "percent_covered_display": "88.55", "missing_lines": 19, "excluded_lines": 0, "percent_statements_covered": 88.55421686746988, "percent_statements_covered_display": "88.55"}, "missing_lines": [237, 239, 240, 338, 339, 394, 395, 396, 397, 471, 549, 550, 551, 552, 553, 554, 555, 567, 568], "excluded_lines": []}, "": {"executed_lines": [1, 3, 4, 5, 6, 7, 9, 10, 12, 14, 17, 18, 20, 23, 24, 26, 29, 30, 32, 35, 46, 48, 49, 51, 53, 54, 55, 57, 58, 61, 65, 66, 68, 71, 81, 83, 84, 90, 92, 95, 110, 111, 112, 128, 131, 142, 145, 158, 174, 191, 214, 217, 218, 220, 262, 272, 298, 343, 401, 570], "summary": {"covered_lines": 55, "num_statements": 57, "percent_covered": 96.49122807017544, "percent_covered_display": "96.49", "missing_lines": 2, "excluded_lines": 0, "percent_statements_covered": 96.49122807017544, "percent_statements_covered_display": "96.49"}, "missing_lines": [62, 63], "excluded_lines": []}}}, "src/resume_customizer/mcp/__init__.py": {"executed_lines": [0], "summary": {"covered_lines": 0, "num_statements": 0, "percent_covered": 100.0, "percent_covered_display": "100.00", "missing_lines": 0, "excluded_lines": 0, "percent_statements_covered": 100.0, "percent_statements_covered_display": "100.00"}, "missing_lines": [], "excluded_lines": [], "functions": {"": {"executed_lines": [], "summary": {"covered_lines": 0, "num_statements": 0, "percent_covered": 100.0, "percent_covered_display": "100.00", "missing_lines": 0, "excluded_lines": 0, "percent_statements_covered": 100.0, "percent_statements_covered_display": "100.00"}, "missing_lines": [], "excluded_lines": []}}, "classes": {"": {"executed_lines": [], "summary": {"covered_lines": 0, "num_statements": 0, "percent_covered": 100.0, "percent_covered_display": "100.00", "missing_lines": 0, "excluded_lines": 0, "percent_statements_covered": 100.0, "percent_statements_covered_display": "100.00"}, "missing_lines": [], "excluded_lines": []}}}, "src/resume_customizer/mcp/handlers.py": {"executed_lines": [1, 7, 8, 9, 11, 15, 21, 22, 23, 24, 25, 30, 33, 43, 44, 48, 49, 50, 61, 64, 67, 68, 69, 73, 76, 79, 80, 82, 83, 87, 95, 105, 107, 109, 112, 113, 118, 121, 125, 126, 129, 132, 133, 134, 151, 156, 158, 168, 169, 174, 184, 186, 188, 191, 192, 197, 200, 204, 205, 208, 211, 212, 213, 226, 231, 233, 244, 245, 250, 260, 262, 265, 267, 270, 271, 272, 273, 274, 275, 278, 279, 280, 281, 282, 285, 288, 289, 292, 293, 296, 299, 300, 301, 315, 320, 325, 355, 356, 361, 371, 372, 375, 376, 381, 383, 385, 386, 387, 388, 389, 390, 396, 397, 398, 405, 406, 407, 415, 422, 423, 428, 433, 435, 436, 437, 440, 441, 444, 445, 448, 449, 461, 466, 473, 508, 518, 520, 522, 523, 524, 525, 526, 528, 534, 535, 541, 542, 543, 544, 545, 546, 552, 553, 554, 556, 563, 566, 567, 570, 571, 572, 575, 576, 577, 578, 581, 582, 585, 586, 587, 588, 591, 592, 594, 610, 620, 621, 622, 624, 625, 627, 632, 633, 634, 641, 657], "summary": {"covered_lines": 185, "num_statements": 225, "percent_covered": 82.22222222222223, "percent_covered_display": "82.22", "missing_lines": 40, "excluded_lines": 0, "percent_statements_covered": 82.22222222222223, "percent_statements_covered_display": "82.22"}, "missing_lines": [53, 54, 114, 115, 119, 122, 152, 154, 170, 171, 193, 194, 198, 201, 227, 229, 246, 247, 316, 318, 357, 358, 399, 446, 462, 464, 493, 495, 496, 500, 501, 502, 555, 557, 602, 603, 604, 648, 649, 650], "excluded_lines": [], "functions": {"_format_error_response": {"executed_lines": [43, 44, 48, 49, 50], "summary": {"covered_lines": 5, "num_statements": 7, "percent_covered": 71.42857142857143, "percent_covered_display": "71.43", "missing_lines": 2, "excluded_lines": 0, "percent_statements_covered": 71.42857142857143, "percent_statements_covered_display": "71.43"}, "missing_lines": [53, 54], "excluded_lines": []}, "_get_database": {"executed_lines": [67, 68, 69], "summary": {"covered_lines": 3, "num_statements": 3, "percent_covered": 100.0, "percent_covered_display": "100.00", "missing_lines": 0, "excluded_lines": 0, "percent_statements_covered": 100.0, "percent_statements_covered_display": "100.00"}, "missing_lines": [], "excluded_lines": []}, "_get_session_manager": {"executed_lines": [79, 80, 82, 83], "summary": {"covered_lines": 4, "num_statements": 4, "percent_covered": 100.0, "percent_covered_display": "100.00", "missing_lines": 0, "excluded_lines": 0, "percent_statements_covered": 100.0, "percent_statements_covered_display": "100.00"}, "missing_lines": [], "excluded_lines": []}, "handle_load_user_profile": {"executed_lines": [105, 107, 109, 112, 113, 118, 121, 125, 126, 129, 132, 133, 134, 151, 156, 158, 168, 169], "summary": {"covered_lines": 18, "num_statements": 26, "percent_covered": 69.23076923076923, "percent_covered_display": "69.23", "missing_lines": 8, "excluded_lines": 0, "percent_statements_covered": 69.23076923076923, "percent_statements_covered_display": "69.23"}, "missing_lines": [114, 115, 119, 122, 152, 154, 170, 171], "excluded_lines": []}, "handle_load_job_description": {"executed_lines": [184, 186, 188, 191, 192, 197, 200, 204, 205, 208, 211, 212, 213, 226, 231, 233, 244, 245], "summary": {"covered_lines": 18, "num_statements": 26, "percent_covered": 69.23076923076923, "percent_covered_display": "69.23", "missing_lines": 8, "excluded_lines": 0, "percent_statements_covered": 69.23076923076923, "percent_statements_covered_display": "69.23"}, "missing_lines": [193, 194, 198, 201, 227, 229, 246, 247], "excluded_lines": []}, "handle_analyze_match": {"executed_lines": [260, 262, 265, 267, 270, 271, 272, 273, 274, 275, 278, 279, 280, 281, 282, 285, 288, 289, 292, 293, 296, 299, 300, 301, 315, 320, 325, 355, 356], "summary": {"covered_lines": 29, "num_statements": 33, "percent_covered": 87.87878787878788, "percent_covered_display": "87.88", "missing_lines": 4, "excluded_lines": 0, "percent_statements_covered": 87.87878787878788, "percent_statements_covered_display": "87.88"}, "missing_lines": [316, 318, 357, 358], "excluded_lines": []}, "handle_customize_resume": {"executed_lines": [371, 372, 375, 376, 381, 383, 385, 386, 387, 388, 389, 390, 396, 397, 398, 405, 406, 407, 415, 422, 423, 428, 433, 435, 436, 437, 440, 441, 444, 445, 448, 449, 461, 466, 473], "summary": {"covered_lines": 35, "num_statements": 45, "percent_covered": 77.77777777777777, "percent_covered_display": "77.78", "missing_lines": 10, "excluded_lines": 0, "percent_statements_covered": 77.77777777777777, "percent_statements_covered_display": "77.78"}, "missing_lines": [399, 446, 462, 464, 493, 495, 496, 500, 501, 502], "excluded_lines": []}, "handle_generate_resume_files": {"executed_lines": [518, 520, 522, 523, 524, 525, 526, 528, 534, 535, 541, 542, 543, 544, 545, 546, 552, 553, 554, 556, 563, 566, 567, 570, 571, 572, 575, 576, 577, 578, 581, 582, 585, 586, 587, 588, 591, 592, 594], "summary": {"covered_lines": 39, "num_statements": 44, "percent_covered": 88.63636363636364, "percent_covered_display": "88.64", "missing_lines": 5, "excluded_lines": 0, "percent_statements_covered": 88.63636363636364, "percent_statements_covered_display": "88.64"}, "missing_lines": [555, 557, 602, 603, 604], "excluded_lines": []}, "handle_list_customizations": {"executed_lines": [620, 621, 622, 624, 625, 627, 632, 633, 634, 641], "summary": {"covered_lines": 10, "num_statements": 13, "percent_covered": 76.92307692307692, "percent_covered_display": "76.92", "missing_lines": 3, "excluded_lines": 0, "percent_statements_covered": 76.92307692307692, "percent_statements_covered_display": "76.92"}, "missing_lines": [648, 649, 650], "excluded_lines": []}, "": {"executed_lines": [1, 7, 8, 9, 11, 15, 21, 22, 23, 24, 25, 30, 33, 61, 64, 73, 76, 87, 95, 174, 250, 361, 508, 610, 657], "summary": {"covered_lines": 24, "num_statements": 24, "percent_covered": 100.0, "percent_covered_display": "100.00", "missing_lines": 0, "excluded_lines": 0, "percent_statements_covered": 100.0, "percent_statements_covered_display": "100.00"}, "missing_lines": [], "excluded_lines": []}}, "classes": {"": {"executed_lines": [1, 7, 8, 9, 11, 15, 21, 22, 23, 24, 25, 30, 33, 43, 44, 48, 49, 50, 61, 64, 67, 68, 69, 73, 76, 79, 80, 82, 83, 87, 95, 105, 107, 109, 112, 113, 118, 121, 125, 126, 129, 132, 133, 134, 151, 156, 158, 168, 169, 174, 184, 186, 188, 191, 192, 197, 200, 204, 205, 208, 211, 212, 213, 226, 231, 233, 244, 245, 250, 260, 262, 265, 267, 270, 271, 272, 273, 274, 275, 278, 279, 280, 281, 282, 285, 288, 289, 292, 293, 296, 299, 300, 301, 315, 320, 325, 355, 356, 361, 371, 372, 375, 376, 381, 383, 385, 386, 387, 388, 389, 390, 396, 397, 398, 405, 406, 407, 415, 422, 423, 428, 433, 435, 436, 437, 440, 441, 444, 445, 448, 449, 461, 466, 473, 508, 518, 520, 522, 523, 524, 525, 526, 528, 534, 535, 541, 542, 543, 544, 545, 546, 552, 553, 554, 556, 563, 566, 567, 570, 571, 572, 575, 576, 577, 578, 581, 582, 585, 586, 587, 588, 591, 592, 594, 610, 620, 621, 622, 624, 625, 627, 632, 633, 634, 641, 657], "summary": {"co
[...]
, 168, 169, 170, 171, 173, 174, 175, 176, 177], "summary": {"covered_lines": 15, "num_statements": 15, "percent_covered": 100.0, "percent_covered_display": "100.00", "missing_lines": 0, "excluded_lines": 0, "percent_statements_covered": 100.0, "percent_statements_covered_display": "100.00"}, "missing_lines": [], "excluded_lines": []}, "SessionManager.set_match": {"executed_lines": [187, 188, 194], "summary": {"covered_lines": 3, "num_statements": 3, "percent_covered": 100.0, "percent_covered_display": "100.00", "missing_lines": 0, "excluded_lines": 0, "percent_statements_covered": 100.0, "percent_statements_covered_display": "100.00"}, "missing_lines": [], "excluded_lines": []}, "SessionManager.get_match": {"executed_lines": [207, 209, 210, 211, 212, 214, 215, 216, 217, 218, 220, 221, 222, 223, 224], "summary": {"covered_lines": 15, "num_statements": 15, "percent_covered": 100.0, "percent_covered_display": "100.00", "missing_lines": 0, "excluded_lines": 0, "percent_statements_covered": 100.0, "percent_statements_covered_display": "100.00"}, "missing_lines": [], "excluded_lines": []}, "SessionManager.set_customization": {"executed_lines": [234, 235, 241], "summary": {"covered_lines": 3, "num_statements": 3, "percent_covered": 100.0, "percent_covered_display": "100.00", "missing_lines": 0, "excluded_lines": 0, "percent_statements_covered": 100.0, "percent_statements_covered_display": "100.00"}, "missing_lines": [], "excluded_lines": []}, "SessionManager.get_customization": {"executed_lines": [256, 258, 259, 260, 261, 263, 264, 265, 266, 267, 269, 270, 271, 272, 273], "summary": {"covered_lines": 15, "num_statements": 15, "percent_covered": 100.0, "percent_covered_display": "100.00", "missing_lines": 0, "excluded_lines": 0, "percent_statements_covered": 100.0, "percent_statements_covered_display": "100.00"}, "missing_lines": [], "excluded_lines": []}, "SessionManager.cleanup_expired": {"executed_lines": [285, 286, 287, 290, 295, 296, 297, 300, 305, 306, 307, 310, 315, 316, 317, 320, 325, 326, 327, 329, 330, 331, 333], "summary": {"covered_lines": 23, "num_statements": 23, "percent_covered": 100.0, "percent_covered_display": "100.00", "missing_lines": 0, "excluded_lines": 0, "percent_statements_covered": 100.0, "percent_statements_covered_display": "100.00"}, "missing_lines": [], "excluded_lines": []}, "SessionManager.clear": {"executed_lines": [337, 344, 345, 346, 347, 349], "summary": {"covered_lines": 6, "num_statements": 6, "percent_covered": 100.0, "percent_covered_display": "100.00", "missing_lines": 0, "excluded_lines": 0, "percent_statements_covered": 100.0, "percent_statements_covered_display": "100.00"}, "missing_lines": [], "excluded_lines": []}, "SessionManager.get_metrics": {"executed_lines": [358, 369, 370, 372], "summary": {"covered_lines": 4, "num_statements": 4, "percent_covered": 100.0, "percent_covered_display": "100.00", "missing_lines": 0, "excluded_lines": 0, "percent_statements_covered": 100.0, "percent_statements_covered_display": "100.00"}, "missing_lines": [], "excluded_lines": []}, "SessionManager.get_all_profiles": {"executed_lines": [394], "summary": {"covered_lines": 1, "num_statements": 1, "percent_covered": 100.0, "percent_covered_display": "100.00", "missing_lines": 0, "excluded_lines": 0, "percent_statements_covered": 100.0, "percent_statements_covered_display": "100.00"}, "missing_lines": [], "excluded_lines": []}, "SessionManager.get_all_jobs": {"executed_lines": [398], "summary": {"covered_lines": 1, "num_statements": 1, "percent_covered": 100.0, "percent_covered_display": "100.00", "missing_lines": 0, "excluded_lines": 0, "percent_statements_covered": 100.0, "percent_statements_covered_display": "100.00"}, "missing_lines": [], "excluded_lines": []}, "SessionManager.get_all_matches": {"executed_lines": [402], "summary": {"covered_lines": 1, "num_statements": 1, "percent_covered": 100.0, "percent_covered_display": "100.00", "missing_lines": 0, "excluded_lines": 0, "percent_statements_covered": 100.0, "percent_statements_covered_display": "100.00"}, "missing_lines": [], "excluded_lines": []}, "SessionManager.get_all_customizations": {"executed_lines": [406], "summary": {"covered_lines": 1, "num_statements": 1, "percent_covered": 100.0, "percent_covered_display": "100.00", "missing_lines": 0, "excluded_lines": 0, "percent_statements_covered": 100.0, "percent_statements_covered_display": "100.00"}, "missing_lines": [], "excluded_lines": []}, "": {"executed_lines": [1, 8, 9, 10, 12, 14, 16, 19, 20, 21, 23, 24, 25, 26, 29, 30, 31, 33, 34, 35, 36, 37, 38, 39, 40, 41, 42, 43, 46, 47, 49, 69, 84, 101, 132, 149, 179, 196, 226, 243, 275, 335, 351, 392, 396, 400, 404], "summary": {"covered_lines": 43, "num_statements": 43, "percent_covered": 100.0, "percent_covered_display": "100.00", "missing_lines": 0, "excluded_lines": 0, "percent_statements_covered": 100.0, "percent_statements_covered_display": "100.00"}, "missing_lines": [], "excluded_lines": []}}, "classes": {"SessionEntry": {"executed_lines": [], "summary": {"covered_lines": 0, "num_statements": 0, "percent_covered": 100.0, "percent_covered_display": "100.00", "missing_lines": 0, "excluded_lines": 0, "percent_statements_covered": 100.0, "percent_statements_covered_display": "100.00"}, "missing_lines": [], "excluded_lines": []}, "SessionMetrics": {"executed_lines": [], "summary": {"covered_lines": 0, "num_statements": 0, "percent_covered": 100.0, "percent_covered_display": "100.00", "missing_lines": 0, "excluded_lines": 0, "percent_statements_covered": 100.0, "percent_statements_covered_display": "100.00"}, "missing_lines": [], "excluded_lines": []}, "SessionManager": {"executed_lines": [56, 57, 58, 59, 60, 63, 64, 65, 67, 80, 81, 82, 92, 93, 99, 112, 114, 115, 116, 117, 119, 120, 121, 122, 123, 126, 127, 128, 129, 130, 140, 141, 147, 160, 162, 163, 164, 165, 167, 168, 169, 170, 171, 173, 174, 175, 176, 177, 187, 188, 194, 207, 209, 210, 211, 212, 214, 215, 216, 217, 218, 220, 221, 222, 223, 224, 234, 235, 241, 256, 258, 259, 260, 261, 263, 264, 265, 266, 267, 269, 270, 271, 272, 273, 285, 286, 287, 290, 295, 296, 297, 300, 305, 306, 307, 310, 315, 316, 317, 320, 325, 326, 327, 329, 330, 331, 333, 337, 344, 345, 346, 347, 349, 358, 369, 370, 372, 394, 398, 402, 406], "summary": {"covered_lines": 121, "num_statements": 121, "percent_covered": 100.0, "percent_covered_display": "100.00", "missing_lines": 0, "excluded_lines": 0, "percent_statements_covered": 100.0, "percent_statements_covered_display": "100.00"}, "missing_lines": [], "excluded_lines": []}, "": {"executed_lines": [1, 8, 9, 10, 12, 14, 16, 19, 20, 21, 23, 24, 25, 26, 29, 30, 31, 33, 34, 35, 36, 37, 38, 39, 40, 41, 42, 43, 46, 47, 49, 69, 84, 101, 132, 149, 179, 196, 226, 243, 275, 335, 351, 392, 396, 400, 404], "summary": {"covered_lines": 43, "num_statements": 43, "percent_covered": 100.0, "percent_covered_display": "100.00", "missing_lines": 0, "excluded_lines": 0, "percent_statements_covered": 100.0, "percent_statements_covered_display": "100.00"}, "missing_lines": [], "excluded_lines": []}}}, "src/resume_customizer/utils/__init__.py": {"executed_lines": [0], "summary": {"covered_lines": 0, "num_statements": 0, "percent_covered": 100.0, "percent_covered_display": "100.00", "missing_lines": 0, "excluded_lines": 0, "percent_statements_covered": 100.0, "percent_statements_covered_display": "100.00"}, "missing_lines": [], "excluded_lines": [], "functions": {"": {"executed_lines": [], "summary": {"covered_lines": 0, "num_statements": 0, "percent_covered": 100.0, "percent_covered_display": "100.00", "missing_lines": 0, "excluded_lines": 0, "percent_statements_covered": 100.0, "percent_statements_covered_display": "100.00"}, "missing_lines": [], "excluded_lines": []}}, "classes": {"": {"executed_lines": [], "summary": {"covered_lines": 0, "num_statements": 0, "percent_covered": 100.0, "percent_covered_display": "100.00", "missing_lines": 0, "excluded_lines": 0, "percent_statements_covered": 100.0, "percent_statements_covered_display": "100.00"}, "missing_lines": [], "excluded_lines": []}}}, "src/resume_customizer/utils/helpers.py": {"executed_lines": [1, 7, 8, 9, 10, 11, 12, 15, 29, 30, 33, 44, 47, 61, 64, 80, 81, 82, 83, 86, 87, 90, 91, 92, 93, 95, 98, 114, 115, 116, 117, 118, 122, 138, 139, 140, 143, 161, 162, 163, 164, 165, 167, 168, 171, 186, 187, 188, 189, 191, 192, 195, 209, 210, 211, 214, 223, 224, 225, 228, 242, 243, 246, 254, 255, 256, 257, 258, 260], "summary": {"covered_lines": 68, "num_statements": 69, "percent_covered": 98.55072463768116, "percent_covered_display": "98.55", "missing_lines": 1, "excluded_lines": 0, "percent_statements_covered": 98.55072463768116, "percent_statements_covered_display": "98.55"}, "missing_lines": [119], "excluded_lines": [], "functions": {"generate_id": {"executed_lines": [29, 30], "summary": {"covered_lines": 2, "num_statements": 2, "percent_covered": 100.0, "percent_covered_display": "100.00", "missing_lines": 0, "excluded_lines": 0, "percent_statements_covered": 100.0, "percent_statements_covered_display": "100.00"}, "missing_lines": [], "excluded_lines": []}, "get_timestamp": {"executed_lines": [44], "summary": {"covered_lines": 1, "num_statements": 1, "percent_covered": 100.0, "percent_covered_display": "100.00", "missing_lines": 0, "excluded_lines": 0, "percent_statements_covered": 100.0, "percent_statements_covered_display": "100.00"}, "missing_lines": [], "excluded_lines": []}, "hash_string": {"executed_lines": [61], "summary": {"covered_lines": 1, "num_statements": 1, "percent_covered": 100.0, "percent_covered_display": "100.00", "missing_lines": 0, "excluded_lines": 0, "percent_statements_covered": 100.0, "percent_statements_covered_display": "100.00"}, "missing_lines": [], "excluded_lines": []}, "safe_filename": {"executed_lines": [80, 81, 82, 83, 86, 87, 90, 91, 92, 93, 95], "summary": {"covered_lines": 11, "num_statements": 11, "percent_covered": 100.0, "percent_covered_display": "100.00", "missing_lines": 0, "excluded_lines": 0, "percent_statements_covered": 100.0, "percent_statements_covered_display": "100.00"}, "missing_lines": [], "excluded_lines": []}, "format_file_size": {"executed_lines": [114, 115, 116, 117, 118], "summary": {"covered_lines": 5, "num_statements": 6, "percent_covered": 83.33333333333333, "percent_covered_display": "83.33", "missing_lines": 1, "excluded_lines": 0, "percent_statements_covered": 83.33333333333333, "percent_statements_covered_display": "83.33"}, "missing_lines": [119], "excluded_lines": []}, "truncate_text": {"executed_lines": [138, 139, 140], "summary": {"covered_lines": 3, "num_statements": 3, "percent_covered": 100.0, "percent_covered_display": "100.00", "missing_lines": 0, "excluded_lines": 0, "percent_statements_covered": 100.0, "percent_statements_covered_display": "100.00"}, "missing_lines": [], "excluded_lines": []}, "flatten_dict": {"executed_lines": [161, 162, 163, 164, 165, 167, 168], "summary": {"covered_lines": 7, "num_statements": 7, "percent_covered": 100.0, "percent_covered_display": "100.00", "missing_lines": 0, "excluded_lines": 0, "percent_statements_covered": 100.0, "percent_statements_covered_display": "100.00"}, "missing_lines": [], "excluded_lines": []}, "deep_merge": {"executed_lines": [186, 187, 188, 189, 191, 192], "summary": {"covered_lines": 6, "num_statements": 6, "percent_covered": 100.0, "percent_covered_display": "100.00", "missing_lines": 0, "excluded_lines": 0, "percent_statements_covered": 100.0, "percent_statements_covered_display": "100.00"}, "missing_lines": [], "excluded_lines": []}, "load_json_file": {"executed_lines": [209, 210, 211], "summary": {"covered_lines": 3, "num_statements": 3, "percent_covered": 100.0, "percent_covered_display": "100.00", "missing_lines": 0, "excluded_lines": 0, "percent_statements_covered": 100.0, "percent_statements_covered_display": "100.00"}, "missing_lines": [], "excluded_lines": []}, "save_json_file": {"executed_lines": [223, 224, 225], "summary": {"covered_lines": 3, "num_statements": 3, "percent_covered": 100.0, "percent_covered_display": "100.00", "missing_lines": 0, "excluded_lines": 0, "percent_statements_covered": 100.0, "percent_statements_covered_display": "100.00"}, "missing_lines": [], "excluded_lines": []}, "parse_date_string": {"executed_lines": [242, 243, 246, 254, 255, 256, 257, 258, 260], "summary": {"covered_lines": 9, "num_statements": 9, "percent_covered": 100.0, "percent_covered_display": "100.00", "missing_lines": 0, "excluded_lines": 0, "percent_statements_covered": 100.0, "percent_statements_covered_display": "100.00"}, "missing_lines": [], "excluded_lines": []}, "": {"executed_lines": [1, 7, 8, 9, 10, 11, 12, 15, 33, 47, 64, 98, 122, 143, 171, 195, 214, 228], "summary": {"covered_lines": 17, "num_statements": 17, "percent_covered": 100.0, "percent_covered_display": "100.00", "missing_lines": 0, "excluded_lines": 0, "percent_statements_covered": 100.0, "percent_statements_covered_display": "100.00"}, "missing_lines": [], "excluded_lines": []}}, "classes": {"": {"executed_lines": [1, 7, 8, 9, 10, 11, 12, 15, 29, 30, 33, 44, 47, 61, 64, 80, 81, 82, 83, 86, 87, 90, 91, 92, 93, 95, 98, 114, 115, 116, 117, 118, 122, 138, 139, 140, 143, 161, 162, 163, 164, 165, 167, 168, 171, 186, 187, 188, 189, 191, 192, 195, 209, 210, 211, 214, 223, 224, 225, 228, 242, 243, 246, 254, 255, 256, 257, 258, 260], "summary": {"covered_lines": 68, "num_statements": 69, "percent_covered": 98.55072463768116, "percent_covered_display": "98.55", "missing_lines": 1, "excluded_lines": 0, "percent_statements_covered": 98.55072463768116, "percent_statements_covered_display": "98.55"}, "missing_lines": [119], "excluded_lines": []}}}, "src/resume_customizer/utils/logger.py": {"executed_lines": [1, 8, 9, 10, 13, 32, 33, 36, 40, 41, 45, 48, 49, 50, 51, 54, 61, 64, 74, 77, 78, 80, 84], "summary": {"covered_lines": 22, "num_statements": 28, "percent_covered": 78.57142857142857, "percent_covered_display": "78.57", "missing_lines": 6, "excluded_lines": 0, "percent_statements_covered": 78.57142857142857, "percent_statements_covered_display": "78.57"}, "missing_lines": [37, 55, 56, 57, 58, 59], "excluded_lines": [], "functions": {"setup_logger": {"executed_lines": [32, 33, 36, 40, 41, 45, 48, 49, 50, 51, 54, 61], "summary": {"covered_lines": 12, "num_statements": 18, "percent_covered": 66.66666666666667, "percent_covered_display": "66.67", "missing_lines": 6, "excluded_lines": 0, "percent_statements_covered": 66.66666666666667, "percent_statements_covered_display": "66.67"}, "missing_lines": [37, 55, 56, 57, 58, 59], "excluded_lines": []}, "get_logger": {"executed_lines": [74, 77, 78, 80], "summary": {"covered_lines": 4, "num_statements": 4, "percent_covered": 100.0, "percent_covered_display": "100.00", "missing_lines": 0, "excluded_lines": 0, "percent_statements_covered": 100.0, "percent_statements_covered_display": "100.00"}, "missing_lines": [], "excluded_lines": []}, "": {"executed_lines": [1, 8, 9, 10, 13, 64, 84], "summary": {"covered_lines": 6, "num_statements": 6, "percent_covered": 100.0, "percent_covered_display": "100.00", "missing_lines": 0, "excluded_lines": 0, "percent_statements_covered": 100.0, "percent_statements_covered_display": "100.00"}, "missing_lines": [], "excluded_lines": []}}, "classes": {"": {"executed_lines": [1, 8, 9, 10, 13, 32, 33, 36, 40, 41, 45, 48, 49, 50, 51, 54, 61, 64, 74, 77, 78, 80, 84], "summary": {"covered_lines": 22, "num_statements": 28, "percent_covered": 78.57142857142857, "percent_covered_display": "78.57", "missing_lines": 6, "excluded_lines": 0, "percent_statements_covered": 78.57142857142857, "percent_statements_covered_display": "78.57"}, "missing_lines": [37, 55, 56, 57, 58, 59], "excluded_lines": []}}}, "src/resume_customizer/utils/validation.py": {"executed_lines": [1, 8, 9, 11, 14, 28, 29, 35, 36, 42, 43, 44, 50, 51, 57, 60, 77, 78, 79, 80, 84, 90, 91, 96, 97, 101, 104, 122, 123, 128, 129, 134, 135, 140, 143, 161, 162, 167, 168, 174, 175, 181, 184, 197, 198, 204, 205, 211, 212, 214, 215, 216, 221, 222, 223, 229, 231, 234, 247, 248, 253, 256, 257, 265, 266, 271, 272, 279, 280, 281, 285, 287], "summary": {"covered_lines": 71, "num_statements": 71, "percent_covered": 100.0, "percent_covered_display": "100.00", "missing_lines": 0, "excluded_lines": 0, "percent_statements_covered": 100.0, "percent_statements_covered_display": "100.00"}, "missing_lines": [], "excluded_lines": [], "functions": {"validate_file_path": {"executed_lines": [28, 29, 35, 36, 42, 43, 44, 50, 51, 57], "summary": {"covered_lines": 10, "num_statements": 10, "percent_covered": 100.0, "percent_covered_display": "100.00", "missing_lines": 0, "excluded_lines": 0, "percent_statements_covered": 100.0, "percent_statements_covered_display": "100.00"}, "missing_lines": [], "excluded_lines": []}, "validate_id": {"executed_lines": [77, 78, 79, 80, 84, 90, 91, 96, 97, 101], "summary": {"covered_lines": 10, "num_statements": 10, "percent_covered": 100.0, "percent_covered_display": "100.00", "missing_lines": 0, "excluded_lines": 0, "percent_statements_covered": 100.0, "percent_statements_covered_display": "100.00"}, "missing_lines": [], "excluded_lines": []}, "validate_positive_integer": {"executed_lines": [122, 123, 128, 129, 134, 135, 140], "summary": {"covered_lines": 7, "num_statements": 7, "percent_covered": 100.0, "percent_covered_display": "100.00", "missing_lines": 0, "excluded_lines": 0, "percent_statements_covered": 100.0, "percent_statements_covered_display": "100.00"}, "missing_lines": [], "excluded_lines": []}, "validate_enum": {"executed_lines": [161, 162, 167, 168, 174, 175, 181], "summary": {"covered_lines": 7, "num_statements": 7, "percent_covered": 100.0, "percent_covered_display": "100.00", "missing_lines": 0, "excluded_lines": 0, "percent_statements_covered": 100.0, "percent_statements_covered_display": "100.00"}, "missing_lines": [], "excluded_lines": []}, "validate_output_formats": {"executed_lines": [197, 198, 204, 205, 211, 212, 214, 215, 216, 221, 222, 223, 229, 231], "summary": {"covered_lines": 14, "num_statements": 14, "percent_covered": 100.0, "percent_covered_display": "100.00", "missing_lines": 0, "excluded_lines": 0, "percent_statements_covered": 100.0, "percent_statements_covered_display": "100.00"}, "missing_lines": [], "excluded_lines": []}, "validate_preferences": {"executed_lines": [247, 248, 253, 256, 257, 265, 266, 271, 272, 279, 280, 281, 285, 287], "summary": {"covered_lines": 14, "num_statements": 14, "percent_covered": 100.0, "percent_covered_display": "100.00", "missing_lines": 0, "excluded_lines": 0, "percent_statements_covered": 100.0, "percent_statements_covered_display": "100.00"}, "missing_lines": [], "excluded_lines": []}, "": {"executed_lines": [1, 8, 9, 11, 14, 60, 104, 143, 184, 234], "summary": {"covered_lines": 9, "num_statements": 9, "percent_covered": 100.0, "percent_covered_display": "100.00", "missing_lines": 0, "excluded_lines": 0, "percent_statements_covered": 100.0, "percent_statements_covered_display": "100.00"}, "missing_lines": [], "excluded_lines": []}}, "classes": {"": {"executed_lines": [1, 8, 9, 11, 14, 28, 29, 35, 36, 42, 43, 44, 50, 51, 57, 60, 77, 78, 79, 80, 84, 90, 91, 96, 97, 101, 104, 122, 123, 128, 129, 134, 135, 140, 143, 161, 162, 167, 168, 174, 175, 181, 184, 197, 198, 204, 205, 211, 212, 214, 215, 216, 221, 222, 223, 229, 231, 234, 247, 248, 253, 256, 257, 265, 266, 271, 272, 279, 280, 281, 285, 287], "summary": {"covered_lines": 71, "num_statements": 71, "percent_covered": 100.0, "percent_covered_display": "100.00", "missing_lines": 0, "excluded_lines": 0, "percent_statements_covered": 100.0, "percent_statements_covered_display": "100.00"}, "missing_lines": [], "excluded_lines": []}}}}, "totals": {"covered_lines": 2554, "num_statements": 2836, "percent_covered": 90.05641748942172, "percent_covered_display": "90.06", "missing_lines": 282, "excluded_lines": 0, "percent_statements_covered": 90.05641748942172, "percent_statements_covered_display": "90.06"}}